<?xml version="1.0" encoding="UTF-8"?>
<!-- Generated by org.testng.reporters.JUnitXMLReporter -->
<testsuite ignored="0" hostname="AnushaChanna" failures="1" tests="16" name="Surefire test" time="426.512" errors="0" timestamp="2024-09-21T23:22:06 IST">
  <testcase classname="E_commerce_amazon.Testcase10_quantity_delete" name="verifyingCart" time="19.298"/>
  <testcase classname="E_commerce_amazon.Testcase11_OrderReview" name="FinalReviewOrder" time="39.534">
    <skipped/>
  </testcase> <!-- FinalReviewOrder -->
  <testcase classname="E_commerce_amazon.Testcase11_OrderReview" name="FinalReviewOrder" time="38.763"/>
  <testcase classname="E_commerce_amazon.Testcase12_AllPayMethods" name="PaymentRadioButton" time="28.796">
    <skipped/>
  </testcase> <!-- PaymentRadioButton -->
  <testcase classname="E_commerce_amazon.Testcase12_AllPayMethods" name="PaymentRadioButton" time="28.368"/>
  <testcase classname="E_commerce_amazon.Testcase13_CouponCode" name="ApplyCoupon" time="30.7"/>
  <testcase classname="E_commerce_amazon.Testcase14_RatelastOrder" name="RateLastOrder" time="18.096"/>
  <testcase classname="E_commerce_amazon.Testcase1_Register" name="register" time="14.964">
    <failure type="org.openqa.selenium.NoSuchElementException" message="no such element: Unable to locate element: {&amp;quot;method&amp;quot;:&amp;quot;xpath&amp;quot;,&amp;quot;selector&amp;quot;:&amp;quot;//div[@class=&amp;apos;a-alert-content&amp;apos;]/ul/li&amp;quot;}
  (Session info: chrome=128.0.6613.139)
For documentation on this error, please visit: https://www.selenium.dev/documentation/webdriver/troubleshooting/errors#no-such-element-exception
Build info: version: &amp;apos;4.23.1&amp;apos;, revision: &amp;apos;656257d8e9&amp;apos;
System info: os.name: &amp;apos;Windows 10&amp;apos;, os.arch: &amp;apos;amd64&amp;apos;, os.version: &amp;apos;10.0&amp;apos;, java.version: &amp;apos;22.0.1&amp;apos;
Driver info: org.openqa.selenium.chrome.ChromeDriver
Command: [c750d87274422ca9b57b8919cea34b45, findElement {value=//div[@class=&amp;apos;a-alert-content&amp;apos;]/ul/li, using=xpath}]
Capabilities {acceptInsecureCerts: false, browserName: chrome, browserVersion: 128.0.6613.139, chrome: {chromedriverVersion: 128.0.6613.137 (fe621c5aa2d..., userDataDir: C:\Users\LENOVO\AppData\Loc...}, fedcm:accounts: true, goog:chromeOptions: {debuggerAddress: localhost:54702}, networkConnectionEnabled: false, pageLoadStrategy: normal, platformName: windows, proxy: Proxy(), se:cdp: ws://localhost:54702/devtoo..., se:cdpVersion: 128.0.6613.139, setWindowRect: true, strictFileInteractability: false, timeouts: {implicit: 0, pageLoad: 300000, script: 30000}, unhandledPromptBehavior: dismiss and notify, webauthn:extension:credBlob: true, webauthn:extension:largeBlob: true, webauthn:extension:minPinLength: true, webauthn:extension:prf: true, webauthn:virtualAuthenticators: true}
Session ID: c750d87274422ca9b57b8919cea34b45">
      <![CDATA[org.openqa.selenium.NoSuchElementException: no such element: Unable to locate element: {"method":"xpath","selector":"//div[@class='a-alert-content']/ul/li"}
  (Session info: chrome=128.0.6613.139)
For documentation on this error, please visit: https://www.selenium.dev/documentation/webdriver/troubleshooting/errors#no-such-element-exception
Build info: version: '4.23.1', revision: '656257d8e9'
System info: os.name: 'Windows 10', os.arch: 'amd64', os.version: '10.0', java.version: '22.0.1'
Driver info: org.openqa.selenium.chrome.ChromeDriver
Command: [c750d87274422ca9b57b8919cea34b45, findElement {value=//div[@class='a-alert-content']/ul/li, using=xpath}]
Capabilities {acceptInsecureCerts: false, browserName: chrome, browserVersion: 128.0.6613.139, chrome: {chromedriverVersion: 128.0.6613.137 (fe621c5aa2d..., userDataDir: C:\Users\LENOVO\AppData\Loc...}, fedcm:accounts: true, goog:chromeOptions: {debuggerAddress: localhost:54702}, networkConnectionEnabled: false, pageLoadStrategy: normal, platformName: windows, proxy: Proxy(), se:cdp: ws://localhost:54702/devtoo..., se:cdpVersion: 128.0.6613.139, setWindowRect: true, strictFileInteractability: false, timeouts: {implicit: 0, pageLoad: 300000, script: 30000}, unhandledPromptBehavior: dismiss and notify, webauthn:extension:credBlob: true, webauthn:extension:largeBlob: true, webauthn:extension:minPinLength: true, webauthn:extension:prf: true, webauthn:virtualAuthenticators: true}
Session ID: c750d87274422ca9b57b8919cea34b45
at org.openqa.selenium.remote.ErrorCodec.decode(ErrorCodec.java:167)
at org.openqa.selenium.remote.codec.w3c.W3CHttpResponseCodec.decode(W3CHttpResponseCodec.java:138)
at org.openqa.selenium.remote.codec.w3c.W3CHttpResponseCodec.decode(W3CHttpResponseCodec.java:50)
at org.openqa.selenium.remote.HttpCommandExecutor.execute(HttpCommandExecutor.java:190)
at org.openqa.selenium.remote.service.DriverCommandExecutor.invokeExecute(DriverCommandExecutor.java:216)
at org.openqa.selenium.remote.service.DriverCommandExecutor.execute(DriverCommandExecutor.java:174)
at org.openqa.selenium.remote.RemoteWebDriver.execute(RemoteWebDriver.java:545)
at org.openqa.selenium.remote.ElementLocation$ElementFinder$2.findElement(ElementLocation.java:165)
at org.openqa.selenium.remote.ElementLocation.findElement(ElementLocation.java:59)
at org.openqa.selenium.remote.RemoteWebDriver.findElement(RemoteWebDriver.java:368)
at org.openqa.selenium.remote.RemoteWebDriver.findElement(RemoteWebDriver.java:362)
at org.openqa.selenium.support.pagefactory.DefaultElementLocator.findElement(DefaultElementLocator.java:68)
at org.openqa.selenium.support.pagefactory.internal.LocatingElementHandler.invoke(LocatingElementHandler.java:38)
at jdk.proxy2/jdk.proxy2.$Proxy11.isEnabled(Unknown Source)
at E_commerce_amazon.Register_TC1.AlertPopup(Register_TC1.java:91)
at E_commerce_amazon.Testcase1_Register.register(Testcase1_Register.java:45)
at java.base/java.util.ArrayList.forEach(ArrayList.java:1597)
... Removed 33 stack frames]]>
    </failure>
  </testcase> <!-- register -->
  <testcase classname="E_commerce_amazon.Testcase2_Login" name="login_amazon_valid" time="10.32"/>
  <testcase classname="E_commerce_amazon.Testcase3_LoginIvalid" name="login_amazon_Invalid" time="4.197"/>
  <testcase classname="E_commerce_amazon.Testcase4_ProfileEdit" name="EditProfile" time="16.468"/>
  <testcase classname="E_commerce_amazon.Testcase5_Search" name="amazon_Search" time="4.58"/>
  <testcase classname="E_commerce_amazon.Testcase6_Filter" name="productfilter" time="5.285"/>
  <testcase classname="E_commerce_amazon.Testcase7_ProductDetailsPage" name="productpagedetails" time="10.547"/>
  <testcase classname="E_commerce_amazon.Testcase8_SortingProduct" name="sorting" time="41.566"/>
  <testcase classname="E_commerce_amazon.Testcase_15_AddToCart" name="AddToCartWithouLogin" time="14.208"/>
</testsuite> <!-- Surefire test -->
