<!DOCTYPE html PUBLIC "-//W3C//DTD XHTML 1.1//EN" "https://www.w3.org/TR/xhtml11/DTD/xhtml11.dtd">
<html xmlns="https://www.w3.org/1999/xhtml">
<head>
<meta http-equiv="content-type" content="text/html; charset=UTF-8"/>
<title>TestNG Report</title>
<style type="text/css">table {margin-bottom:10px;border-collapse:collapse;empty-cells:show}th,td {border:1px solid #009;padding:.25em .5em}th {vertical-align:bottom}td {vertical-align:top}table a {font-weight:bold}.stripe td {background-color: #E6EBF9}.num {text-align:right}.passedodd td {background-color: #3F3}.passedeven td {background-color: #0A0}.skippedodd td {background-color: #DDD}.skippedeven td {background-color: #CCC}.failedodd td,.attn {background-color: #F33}.failedeven td,.stripe .attn {background-color: #D00}.stacktrace {white-space:pre;font-family:monospace}.totop {font-size:85%;text-align:center;border-bottom:2px solid #000}.invisible {display:none}</style>
</head>
<body>
<table>
<tr><th>Test</th><th># Passed</th><th># Skipped</th><th># Retried</th><th># Failed</th><th>Time (ms)</th><th>Included Groups</th><th>Excluded Groups</th></tr>
<tr><th colspan="8">Surefire suite</th></tr>
<tr><td><a href="#t0">Surefire test</a></td><td class="num">13</td><td class="num">0</td><td class="num attn">2</td><td class="num attn">1</td><td class="num">426,512</td><td></td><td></td></tr>
</table>
<table id='summary'><thead><tr><th>Class</th><th>Method</th><th>Start</th><th>Time (ms)</th></tr></thead><tbody><tr><th colspan="4">Surefire suite</th></tr></tbody><tbody id="t0"><tr><th colspan="4">Surefire test &#8212; failed</th></tr><tr class="failedeven"><td rowspan="1">E_commerce_amazon.Testcase1_Register</td><td><a href="#m0">register</a></td><td rowspan="1">1726940955147</td><td rowspan="1">14964</td></tr><tr><th colspan="4">Surefire test &#8212; retried</th></tr><tr class="retriedeven"><td rowspan="1">E_commerce_amazon.Testcase11_OrderReview</td><td><a href="#m1">FinalReviewOrder</a></td><td rowspan="1">1726940735298</td><td rowspan="1">39534</td></tr><tr class="retriedodd"><td rowspan="1">E_commerce_amazon.Testcase12_AllPayMethods</td><td><a href="#m2">PaymentRadioButton</a></td><td rowspan="1">1726940826402</td><td rowspan="1">28796</td></tr><tr><th colspan="4">Surefire test &#8212; passed</th></tr><tr class="passedeven"><td rowspan="1">E_commerce_amazon.Testcase10_quantity_delete</td><td><a href="#m3">verifyingCart</a></td><td rowspan="1">1726940708547</td><td rowspan="1">19298</td></tr><tr class="passedodd"><td rowspan="1">E_commerce_amazon.Testcase11_OrderReview</td><td><a href="#m4">FinalReviewOrder</a></td><td rowspan="1">1726940780294</td><td rowspan="1">38763</td></tr><tr class="passedeven"><td rowspan="1">E_commerce_amazon.Testcase12_AllPayMethods</td><td><a href="#m5">PaymentRadioButton</a></td><td rowspan="1">1726940862426</td><td rowspan="1">28368</td></tr><tr class="passedodd"><td rowspan="1">E_commerce_amazon.Testcase13_CouponCode</td><td><a href="#m6">ApplyCoupon</a></td><td rowspan="1">1726940896212</td><td rowspan="1">30700</td></tr><tr class="passedeven"><td rowspan="1">E_commerce_amazon.Testcase14_RatelastOrder</td><td><a href="#m7">RateLastOrder</a></td><td rowspan="1">1726940932252</td><td rowspan="1">18096</td></tr><tr class="passedodd"><td rowspan="1">E_commerce_amazon.Testcase2_Login</td><td><a href="#m8">login_amazon_valid</a></td><td rowspan="1">1726940975233</td><td rowspan="1">10320</td></tr><tr class="passedeven"><td rowspan="1">E_commerce_amazon.Testcase3_LoginIvalid</td><td><a href="#m9">login_amazon_Invalid</a></td><td rowspan="1">1726940991506</td><td rowspan="1">4197</td></tr><tr class="passedodd"><td rowspan="1">E_commerce_amazon.Testcase4_ProfileEdit</td><td><a href="#m10">EditProfile</a></td><td rowspan="1">1726941002531</td><td rowspan="1">16468</td></tr><tr class="passedeven"><td rowspan="1">E_commerce_amazon.Testcase5_Search</td><td><a href="#m11">amazon_Search</a></td><td rowspan="1">1726941026146</td><td rowspan="1">4580</td></tr><tr class="passedodd"><td rowspan="1">E_commerce_amazon.Testcase6_Filter</td><td><a href="#m12">productfilter</a></td><td rowspan="1">1726941036276</td><td rowspan="1">5285</td></tr><tr class="passedeven"><td rowspan="1">E_commerce_amazon.Testcase7_ProductDetailsPage</td><td><a href="#m13">productpagedetails</a></td><td rowspan="1">1726941047721</td><td rowspan="1">10547</td></tr><tr class="passedodd"><td rowspan="1">E_commerce_amazon.Testcase8_SortingProduct</td><td><a href="#m14">sorting</a></td><td rowspan="1">1726941063790</td><td rowspan="1">41566</td></tr><tr class="passedeven"><td rowspan="1">E_commerce_amazon.Testcase_15_AddToCart</td><td><a href="#m15">AddToCartWithouLogin</a></td><td rowspan="1">1726941111557</td><td rowspan="1">14208</td></tr></tbody>
</table>
<h2>Surefire test</h2><h3 id="m0">E_commerce_amazon.Testcase1_Register#register</h3><table class="result"><tr><th>Messages</th></tr><tr><td><div class="messages">testcase is fail > report from Listeners</div></td></tr><tr><th>Exception</th></tr><tr><td><div class="stacktrace">org.openqa.selenium.NoSuchElementException: no such element: Unable to locate element: {&quot;method&quot;:&quot;xpath&quot;,&quot;selector&quot;:&quot;//div[@class=&apos;a-alert-content&apos;]/ul/li&quot;}
  (Session info: chrome=128.0.6613.139)
For documentation on this error, please visit: https://www.selenium.dev/documentation/webdriver/troubleshooting/errors#no-such-element-exception
Build info: version: &apos;4.23.1&apos;, revision: &apos;656257d8e9&apos;
System info: os.name: &apos;Windows 10&apos;, os.arch: &apos;amd64&apos;, os.version: &apos;10.0&apos;, java.version: &apos;22.0.1&apos;
Driver info: org.openqa.selenium.chrome.ChromeDriver
Command: [c750d87274422ca9b57b8919cea34b45, findElement {value=//div[@class=&apos;a-alert-content&apos;]/ul/li, using=xpath}]
Capabilities {acceptInsecureCerts: false, browserName: chrome, browserVersion: 128.0.6613.139, chrome: {chromedriverVersion: 128.0.6613.137 (fe621c5aa2d..., userDataDir: C:\Users\LENOVO\AppData\Loc...}, fedcm:accounts: true, goog:chromeOptions: {debuggerAddress: localhost:54702}, networkConnectionEnabled: false, pageLoadStrategy: normal, platformName: windows, proxy: Proxy(), se:cdp: ws://localhost:54702/devtoo..., se:cdpVersion: 128.0.6613.139, setWindowRect: true, strictFileInteractability: false, timeouts: {implicit: 0, pageLoad: 300000, script: 30000}, unhandledPromptBehavior: dismiss and notify, webauthn:extension:credBlob: true, webauthn:extension:largeBlob: true, webauthn:extension:minPinLength: true, webauthn:extension:prf: true, webauthn:virtualAuthenticators: true}
Session ID: c750d87274422ca9b57b8919cea34b45
	at org.openqa.selenium.remote.ErrorCodec.decode(ErrorCodec.java:167)
	at org.openqa.selenium.remote.codec.w3c.W3CHttpResponseCodec.decode(W3CHttpResponseCodec.java:138)
	at org.openqa.selenium.remote.codec.w3c.W3CHttpResponseCodec.decode(W3CHttpResponseCodec.java:50)
	at org.openqa.selenium.remote.HttpCommandExecutor.execute(HttpCommandExecutor.java:190)
	at org.openqa.selenium.remote.service.DriverCommandExecutor.invokeExecute(DriverCommandExecutor.java:216)
	at org.openqa.selenium.remote.service.DriverCommandExecutor.execute(DriverCommandExecutor.java:174)
	at org.openqa.selenium.remote.RemoteWebDriver.execute(RemoteWebDriver.java:545)
	at org.openqa.selenium.remote.ElementLocation$ElementFinder$2.findElement(ElementLocation.java:165)
	at org.openqa.selenium.remote.ElementLocation.findElement(ElementLocation.java:59)
	at org.openqa.selenium.remote.RemoteWebDriver.findElement(RemoteWebDriver.java:368)
	at org.openqa.selenium.remote.RemoteWebDriver.findElement(RemoteWebDriver.java:362)
	at org.openqa.selenium.support.pagefactory.DefaultElementLocator.findElement(DefaultElementLocator.java:68)
	at org.openqa.selenium.support.pagefactory.internal.LocatingElementHandler.invoke(LocatingElementHandler.java:38)
	at jdk.proxy2/jdk.proxy2.$Proxy11.isEnabled(Unknown Source)
	at E_commerce_amazon.Register_TC1.AlertPopup(Register_TC1.java:91)
	at E_commerce_amazon.Testcase1_Register.register(Testcase1_Register.java:45)
	at java.base/java.util.ArrayList.forEach(ArrayList.java:1597)
... Removed 33 stack frames</div></td></tr></table><p class="totop"><a href="#summary">back to summary</a></p>
<h3 id="m1">E_commerce_amazon.Testcase11_OrderReview#FinalReviewOrder</h3><table class="result"><tr><th>Exception</th></tr><tr><td><div class="stacktrace">org.openqa.selenium.NoSuchElementException: no such element: Unable to locate element: {&quot;method&quot;:&quot;xpath&quot;,&quot;selector&quot;:&quot;(//input[@name=&apos;ppw-instrumentRowSelection&apos;])[6]&quot;}
  (Session info: chrome=128.0.6613.139)
For documentation on this error, please visit: https://www.selenium.dev/documentation/webdriver/troubleshooting/errors#no-such-element-exception
Build info: version: &apos;4.23.1&apos;, revision: &apos;656257d8e9&apos;
System info: os.name: &apos;Windows 10&apos;, os.arch: &apos;amd64&apos;, os.version: &apos;10.0&apos;, java.version: &apos;22.0.1&apos;
Driver info: org.openqa.selenium.chrome.ChromeDriver
Command: [90889401898b6bbf2481803677e5ce88, findElement {value=(//input[@name=&apos;ppw-instrumentRowSelection&apos;])[6], using=xpath}]
Capabilities {acceptInsecureCerts: false, browserName: chrome, browserVersion: 128.0.6613.139, chrome: {chromedriverVersion: 128.0.6613.137 (fe621c5aa2d..., userDataDir: C:\Users\LENOVO\AppData\Loc...}, fedcm:accounts: true, goog:chromeOptions: {debuggerAddress: localhost:53801}, networkConnectionEnabled: false, pageLoadStrategy: normal, platformName: windows, proxy: Proxy(), se:cdp: ws://localhost:53801/devtoo..., se:cdpVersion: 128.0.6613.139, setWindowRect: true, strictFileInteractability: false, timeouts: {implicit: 0, pageLoad: 300000, script: 30000}, unhandledPromptBehavior: dismiss and notify, webauthn:extension:credBlob: true, webauthn:extension:largeBlob: true, webauthn:extension:minPinLength: true, webauthn:extension:prf: true, webauthn:virtualAuthenticators: true}
Session ID: 90889401898b6bbf2481803677e5ce88
	at org.openqa.selenium.remote.ErrorCodec.decode(ErrorCodec.java:167)
	at org.openqa.selenium.remote.codec.w3c.W3CHttpResponseCodec.decode(W3CHttpResponseCodec.java:138)
	at org.openqa.selenium.remote.codec.w3c.W3CHttpResponseCodec.decode(W3CHttpResponseCodec.java:50)
	at org.openqa.selenium.remote.HttpCommandExecutor.execute(HttpCommandExecutor.java:190)
	at org.openqa.selenium.remote.service.DriverCommandExecutor.invokeExecute(DriverCommandExecutor.java:216)
	at org.openqa.selenium.remote.service.DriverCommandExecutor.execute(DriverCommandExecutor.java:174)
	at org.openqa.selenium.remote.RemoteWebDriver.execute(RemoteWebDriver.java:545)
	at org.openqa.selenium.remote.ElementLocation$ElementFinder$2.findElement(ElementLocation.java:165)
	at org.openqa.selenium.remote.ElementLocation.findElement(ElementLocation.java:59)
	at org.openqa.selenium.remote.RemoteWebDriver.findElement(RemoteWebDriver.java:368)
	at org.openqa.selenium.remote.RemoteWebDriver.findElement(RemoteWebDriver.java:362)
	at org.openqa.selenium.support.pagefactory.DefaultElementLocator.findElement(DefaultElementLocator.java:68)
	at org.openqa.selenium.support.pagefactory.internal.LocatingElementHandler.invoke(LocatingElementHandler.java:38)
	at jdk.proxy2/jdk.proxy2.$Proxy11.click(Unknown Source)
	at E_commerce_amazon.ReviewOrder_TC11.COD(ReviewOrder_TC11.java:51)
	at E_commerce_amazon.Testcase11_OrderReview.FinalReviewOrder(Testcase11_OrderReview.java:39)
	at java.base/java.util.ArrayList.forEach(ArrayList.java:1597)
... Removed 33 stack frames</div></td></tr></table><p class="totop"><a href="#summary">back to summary</a></p>
<h3 id="m2">E_commerce_amazon.Testcase12_AllPayMethods#PaymentRadioButton</h3><table class="result"><tr><th>Exception</th></tr><tr><td><div class="stacktrace">org.openqa.selenium.ElementClickInterceptedException: element click intercepted: Element &lt;input id=&quot;pp-WQOrFF-137&quot; type=&quot;radio&quot; name=&quot;ppw-instrumentRowSelection&quot; value=&quot;instrumentId=EMI&amp;amp;isExpired=false&amp;amp;paymentMethod=CC&amp;amp;tfxEligible=false&quot; disabled=&quot;&quot;&gt; is not clickable at point (277, 679). Other element would receive the click: &lt;span role=&quot;radio&quot;&gt;...&lt;/span&gt;
  (Session info: chrome=128.0.6613.139)
Build info: version: &apos;4.23.1&apos;, revision: &apos;656257d8e9&apos;
System info: os.name: &apos;Windows 10&apos;, os.arch: &apos;amd64&apos;, os.version: &apos;10.0&apos;, java.version: &apos;22.0.1&apos;
Driver info: org.openqa.selenium.chrome.ChromeDriver
Command: [f30c629c75e3e2e5979ce8773b582e8b, clickElement {id=f.FE2CB827E040449B45C683C949CF525A.d.B475E59484C6F11F440A44E3F6742F9E.e.133}]
Capabilities {acceptInsecureCerts: false, browserName: chrome, browserVersion: 128.0.6613.139, chrome: {chromedriverVersion: 128.0.6613.137 (fe621c5aa2d..., userDataDir: C:\Users\LENOVO\AppData\Loc...}, fedcm:accounts: true, goog:chromeOptions: {debuggerAddress: localhost:54120}, networkConnectionEnabled: false, pageLoadStrategy: normal, platformName: windows, proxy: Proxy(), se:cdp: ws://localhost:54120/devtoo..., se:cdpVersion: 128.0.6613.139, setWindowRect: true, strictFileInteractability: false, timeouts: {implicit: 0, pageLoad: 300000, script: 30000}, unhandledPromptBehavior: dismiss and notify, webauthn:extension:credBlob: true, webauthn:extension:largeBlob: true, webauthn:extension:minPinLength: true, webauthn:extension:prf: true, webauthn:virtualAuthenticators: true}
Element: [[ChromeDriver: chrome on windows (f30c629c75e3e2e5979ce8773b582e8b)] -&gt; xpath: (//input[@name=&apos;ppw-instrumentRowSelection&apos;])[5]]
Session ID: f30c629c75e3e2e5979ce8773b582e8b
	at org.openqa.selenium.remote.ErrorCodec.decode(ErrorCodec.java:167)
	at org.openqa.selenium.remote.codec.w3c.W3CHttpResponseCodec.decode(W3CHttpResponseCodec.java:138)
	at org.openqa.selenium.remote.codec.w3c.W3CHttpResponseCodec.decode(W3CHttpResponseCodec.java:50)
	at org.openqa.selenium.remote.HttpCommandExecutor.execute(HttpCommandExecutor.java:190)
	at org.openqa.selenium.remote.service.DriverCommandExecutor.invokeExecute(DriverCommandExecutor.java:216)
	at org.openqa.selenium.remote.service.DriverCommandExecutor.execute(DriverCommandExecutor.java:174)
	at org.openqa.selenium.remote.RemoteWebDriver.execute(RemoteWebDriver.java:545)
	at org.openqa.selenium.remote.RemoteWebElement.execute(RemoteWebElement.java:223)
	at org.openqa.selenium.remote.RemoteWebElement.click(RemoteWebElement.java:76)
	at org.openqa.selenium.support.pagefactory.internal.LocatingElementHandler.invoke(LocatingElementHandler.java:51)
	at jdk.proxy2/jdk.proxy2.$Proxy11.click(Unknown Source)
	at E_commerce_amazon.AllPayMethods_TC12.COD(AllPayMethods_TC12.java:61)
	at E_commerce_amazon.Testcase12_AllPayMethods.PaymentRadioButton(Testcase12_AllPayMethods.java:56)
	at java.base/java.util.ArrayList.forEach(ArrayList.java:1597)
... Removed 35 stack frames</div></td></tr></table><p class="totop"><a href="#summary">back to summary</a></p>
<h3 id="m3">E_commerce_amazon.Testcase10_quantity_delete#verifyingCart</h3><table class="result"><tr><th>Messages</th></tr><tr><td><div class="messages">testcase is pass > report from Listeners</div></td></tr></table><p class="totop"><a href="#summary">back to summary</a></p>
<h3 id="m4">E_commerce_amazon.Testcase11_OrderReview#FinalReviewOrder</h3><table class="result"><tr><th>Messages</th></tr><tr><td><div class="messages">testcase is pass > report from Listeners</div></td></tr></table><p class="totop"><a href="#summary">back to summary</a></p>
<h3 id="m5">E_commerce_amazon.Testcase12_AllPayMethods#PaymentRadioButton</h3><table class="result"><tr><th>Messages</th></tr><tr><td><div class="messages">testcase is pass > report from Listeners</div></td></tr></table><p class="totop"><a href="#summary">back to summary</a></p>
<h3 id="m6">E_commerce_amazon.Testcase13_CouponCode#ApplyCoupon</h3><table class="result"><tr><th>Messages</th></tr><tr><td><div class="messages">testcase is pass > report from Listeners</div></td></tr></table><p class="totop"><a href="#summary">back to summary</a></p>
<h3 id="m7">E_commerce_amazon.Testcase14_RatelastOrder#RateLastOrder</h3><table class="result"><tr><th>Messages</th></tr><tr><td><div class="messages">testcase is pass > report from Listeners</div></td></tr></table><p class="totop"><a href="#summary">back to summary</a></p>
<h3 id="m8">E_commerce_amazon.Testcase2_Login#login_amazon_valid</h3><table class="result"><tr><th>Messages</th></tr><tr><td><div class="messages">testcase is pass > report from Listeners</div></td></tr></table><p class="totop"><a href="#summary">back to summary</a></p>
<h3 id="m9">E_commerce_amazon.Testcase3_LoginIvalid#login_amazon_Invalid</h3><table class="result"><tr><th>Messages</th></tr><tr><td><div class="messages">testcase is pass > report from Listeners</div></td></tr></table><p class="totop"><a href="#summary">back to summary</a></p>
<h3 id="m10">E_commerce_amazon.Testcase4_ProfileEdit#EditProfile</h3><table class="result"><tr><th>Messages</th></tr><tr><td><div class="messages">testcase is pass > report from Listeners</div></td></tr></table><p class="totop"><a href="#summary">back to summary</a></p>
<h3 id="m11">E_commerce_amazon.Testcase5_Search#amazon_Search</h3><table class="result"><tr><th>Messages</th></tr><tr><td><div class="messages">testcase is pass > report from Listeners</div></td></tr></table><p class="totop"><a href="#summary">back to summary</a></p>
<h3 id="m12">E_commerce_amazon.Testcase6_Filter#productfilter</h3><table class="result"><tr><th>Messages</th></tr><tr><td><div class="messages">testcase is pass > report from Listeners</div></td></tr></table><p class="totop"><a href="#summary">back to summary</a></p>
<h3 id="m13">E_commerce_amazon.Testcase7_ProductDetailsPage#productpagedetails</h3><table class="result"><tr><th>Messages</th></tr><tr><td><div class="messages">testcase is pass > report from Listeners</div></td></tr></table><p class="totop"><a href="#summary">back to summary</a></p>
<h3 id="m14">E_commerce_amazon.Testcase8_SortingProduct#sorting</h3><table class="result"><tr><th>Messages</th></tr><tr><td><div class="messages">testcase is pass > report from Listeners</div></td></tr></table><p class="totop"><a href="#summary">back to summary</a></p>
<h3 id="m15">E_commerce_amazon.Testcase_15_AddToCart#AddToCartWithouLogin</h3><table class="result"><tr><th>Messages</th></tr><tr><td><div class="messages">testcase is pass > report from Listeners</div></td></tr></table><p class="totop"><a href="#summary">back to summary</a></p>
</body>
</html>
