<?xml version="1.0" encoding="UTF-8"?>
<testng-results retried="2" ignored="2" total="18" passed="13" failed="1" skipped="0">
  <reporter-output>
    <line>
      <![CDATA[testcase is pass > report from Listeners]]>
    </line>
    <line>
      <![CDATA[testcase is pass > report from Listeners]]>
    </line>
    <line>
      <![CDATA[testcase is pass > report from Listeners]]>
    </line>
    <line>
      <![CDATA[testcase is pass > report from Listeners]]>
    </line>
    <line>
      <![CDATA[testcase is pass > report from Listeners]]>
    </line>
    <line>
      <![CDATA[testcase is fail > report from Listeners]]>
    </line>
    <line>
      <![CDATA[testcase is pass > report from Listeners]]>
    </line>
    <line>
      <![CDATA[testcase is pass > report from Listeners]]>
    </line>
    <line>
      <![CDATA[testcase is pass > report from Listeners]]>
    </line>
    <line>
      <![CDATA[testcase is pass > report from Listeners]]>
    </line>
    <line>
      <![CDATA[testcase is pass > report from Listeners]]>
    </line>
    <line>
      <![CDATA[testcase is pass > report from Listeners]]>
    </line>
    <line>
      <![CDATA[testcase is pass > report from Listeners]]>
    </line>
    <line>
      <![CDATA[testcase is pass > report from Listeners]]>
    </line>
  </reporter-output>
  <suite started-at="2024-09-21T23:15:00 IST" name="Surefire suite" finished-at="2024-09-21T23:22:06 IST" duration-ms="426512">
    <groups>
    </groups>
    <test started-at="2024-09-21T23:15:00 IST" name="Surefire test" finished-at="2024-09-21T23:22:06 IST" duration-ms="426512">
      <class name="E_commerce_amazon.Testcase2_Login">
        <test-method is-config="true" signature="amazonlaunch()[pri:0, instance:E_commerce_amazon.Testcase2_Login@55b53d44]" started-at="2024-09-21T23:19:30 IST" name="amazonlaunch" finished-at="2024-09-21T23:19:35 IST" duration-ms="4605" status="PASS">
          <reporter-output>
          </reporter-output>
        </test-method> <!-- amazonlaunch -->
        <test-method signature="login_amazon_valid()[pri:0, instance:E_commerce_amazon.Testcase2_Login@55b53d44]" started-at="2024-09-21T23:19:35 IST" name="login_amazon_valid" finished-at="2024-09-21T23:19:45 IST" duration-ms="10320" status="PASS">
          <reporter-output>
            <line>
              <![CDATA[testcase is pass > report from Listeners]]>
            </line>
          </reporter-output>
        </test-method> <!-- login_amazon_valid -->
        <test-method is-config="true" signature="amazonlogout()[pri:0, instance:E_commerce_amazon.Testcase2_Login@55b53d44]" started-at="2024-09-21T23:19:46 IST" name="amazonlogout" finished-at="2024-09-21T23:19:46 IST" duration-ms="342" status="PASS">
          <reporter-output>
          </reporter-output>
        </test-method> <!-- amazonlogout -->
      </class> <!-- E_commerce_amazon.Testcase2_Login -->
      <class name="E_commerce_amazon.Testcase10_quantity_delete">
        <test-method is-config="true" signature="amazonlaunch()[pri:0, instance:E_commerce_amazon.Testcase10_quantity_delete@568ff82]" started-at="2024-09-21T23:15:00 IST" name="amazonlaunch" finished-at="2024-09-21T23:15:08 IST" duration-ms="7966" status="PASS">
          <reporter-output>
          </reporter-output>
        </test-method> <!-- amazonlaunch -->
        <test-method signature="verifyingCart()[pri:0, instance:E_commerce_amazon.Testcase10_quantity_delete@568ff82]" started-at="2024-09-21T23:15:08 IST" name="verifyingCart" finished-at="2024-09-21T23:15:27 IST" duration-ms="19298" status="PASS">
          <reporter-output>
            <line>
              <![CDATA[testcase is pass > report from Listeners]]>
            </line>
          </reporter-output>
        </test-method> <!-- verifyingCart -->
        <test-method is-config="true" signature="amazonlogout()[pri:0, instance:E_commerce_amazon.Testcase10_quantity_delete@568ff82]" started-at="2024-09-21T23:15:28 IST" name="amazonlogout" finished-at="2024-09-21T23:15:28 IST" duration-ms="510" status="PASS">
          <reporter-output>
          </reporter-output>
        </test-method> <!-- amazonlogout -->
      </class> <!-- E_commerce_amazon.Testcase10_quantity_delete -->
      <class name="E_commerce_amazon.Testcase4_ProfileEdit">
        <test-method is-config="true" signature="amazonlaunch()[pri:0, instance:E_commerce_amazon.Testcase4_ProfileEdit@366647c2]" started-at="2024-09-21T23:19:56 IST" name="amazonlaunch" finished-at="2024-09-21T23:20:02 IST" duration-ms="6312" status="PASS">
          <reporter-output>
          </reporter-output>
        </test-method> <!-- amazonlaunch -->
        <test-method signature="EditProfile()[pri:0, instance:E_commerce_amazon.Testcase4_ProfileEdit@366647c2]" started-at="2024-09-21T23:20:02 IST" name="EditProfile" finished-at="2024-09-21T23:20:18 IST" duration-ms="16468" status="PASS">
          <reporter-output>
            <line>
              <![CDATA[testcase is pass > report from Listeners]]>
            </line>
          </reporter-output>
        </test-method> <!-- EditProfile -->
        <test-method is-config="true" signature="amazonlogout()[pri:0, instance:E_commerce_amazon.Testcase4_ProfileEdit@366647c2]" started-at="2024-09-21T23:20:19 IST" name="amazonlogout" finished-at="2024-09-21T23:20:19 IST" duration-ms="372" status="PASS">
          <reporter-output>
          </reporter-output>
        </test-method> <!-- amazonlogout -->
      </class> <!-- E_commerce_amazon.Testcase4_ProfileEdit -->
      <class name="E_commerce_amazon.Testcase6_Filter">
        <test-method is-config="true" signature="amazonlaunch()[pri:0, instance:E_commerce_amazon.Testcase6_Filter@1649b0e6]" started-at="2024-09-21T23:20:31 IST" name="amazonlaunch" finished-at="2024-09-21T23:20:36 IST" duration-ms="4686" status="PASS">
          <reporter-output>
          </reporter-output>
        </test-method> <!-- amazonlaunch -->
        <test-method signature="productfilter()[pri:0, instance:E_commerce_amazon.Testcase6_Filter@1649b0e6]" started-at="2024-09-21T23:20:36 IST" name="productfilter" finished-at="2024-09-21T23:20:41 IST" duration-ms="5285" status="PASS">
          <reporter-output>
            <line>
              <![CDATA[testcase is pass > report from Listeners]]>
            </line>
          </reporter-output>
        </test-method> <!-- productfilter -->
        <test-method is-config="true" signature="amazonlogout()[pri:0, instance:E_commerce_amazon.Testcase6_Filter@1649b0e6]" started-at="2024-09-21T23:20:41 IST" name="amazonlogout" finished-at="2024-09-21T23:20:42 IST" duration-ms="531" status="PASS">
          <reporter-output>
          </reporter-output>
        </test-method> <!-- amazonlogout -->
      </class> <!-- E_commerce_amazon.Testcase6_Filter -->
      <class name="E_commerce_amazon.Testcase5_Search">
        <test-method is-config="true" signature="amazonlaunch()[pri:0, instance:E_commerce_amazon.Testcase5_Search@6a6afff2]" started-at="2024-09-21T23:20:19 IST" name="amazonlaunch" finished-at="2024-09-21T23:20:26 IST" duration-ms="6312" status="PASS">
          <reporter-output>
          </reporter-output>
        </test-method> <!-- amazonlaunch -->
        <test-method signature="amazon_Search()[pri:0, instance:E_commerce_amazon.Testcase5_Search@6a6afff2]" started-at="2024-09-21T23:20:26 IST" name="amazon_Search" finished-at="2024-09-21T23:20:30 IST" duration-ms="4580" status="PASS">
          <reporter-output>
            <line>
              <![CDATA[testcase is pass > report from Listeners]]>
            </line>
          </reporter-output>
        </test-method> <!-- amazon_Search -->
        <test-method is-config="true" signature="amazonlogout()[pri:0, instance:E_commerce_amazon.Testcase5_Search@6a6afff2]" started-at="2024-09-21T23:20:31 IST" name="amazonlogout" finished-at="2024-09-21T23:20:31 IST" duration-ms="441" status="PASS">
          <reporter-output>
          </reporter-output>
        </test-method> <!-- amazonlogout -->
      </class> <!-- E_commerce_amazon.Testcase5_Search -->
      <class name="E_commerce_amazon.Testcase11_OrderReview">
        <test-method is-config="true" signature="amazonlaunch()[pri:0, instance:E_commerce_amazon.Testcase11_OrderReview@355ce81c]" started-at="2024-09-21T23:15:28 IST" name="amazonlaunch" finished-at="2024-09-21T23:15:35 IST" duration-ms="6611" status="PASS">
          <reporter-output>
          </reporter-output>
        </test-method> <!-- amazonlaunch -->
        <test-method retried="true" signature="FinalReviewOrder()[pri:0, instance:E_commerce_amazon.Testcase11_OrderReview@355ce81c]" started-at="2024-09-21T23:15:35 IST" name="FinalReviewOrder" finished-at="2024-09-21T23:16:14 IST" duration-ms="39534" status="SKIP">
          <exception class="org.openqa.selenium.NoSuchElementException">
            <message>
              <![CDATA[no such element: Unable to locate element: {"method":"xpath","selector":"(//input[@name='ppw-instrumentRowSelection'])[6]"}
  (Session info: chrome=128.0.6613.139)
For documentation on this error, please visit: https://www.selenium.dev/documentation/webdriver/troubleshooting/errors#no-such-element-exception
Build info: version: '4.23.1', revision: '656257d8e9'
System info: os.name: 'Windows 10', os.arch: 'amd64', os.version: '10.0', java.version: '22.0.1'
Driver info: org.openqa.selenium.chrome.ChromeDriver
Command: [90889401898b6bbf2481803677e5ce88, findElement {value=(//input[@name='ppw-instrumentRowSelection'])[6], using=xpath}]
Capabilities {acceptInsecureCerts: false, browserName: chrome, browserVersion: 128.0.6613.139, chrome: {chromedriverVersion: 128.0.6613.137 (fe621c5aa2d..., userDataDir: C:\Users\LENOVO\AppData\Loc...}, fedcm:accounts: true, goog:chromeOptions: {debuggerAddress: localhost:53801}, networkConnectionEnabled: false, pageLoadStrategy: normal, platformName: windows, proxy: Proxy(), se:cdp: ws://localhost:53801/devtoo..., se:cdpVersion: 128.0.6613.139, setWindowRect: true, strictFileInteractability: false, timeouts: {implicit: 0, pageLoad: 300000, script: 30000}, unhandledPromptBehavior: dismiss and notify, webauthn:extension:credBlob: true, webauthn:extension:largeBlob: true, webauthn:extension:minPinLength: true, webauthn:extension:prf: true, webauthn:virtualAuthenticators: true}
Session ID: 90889401898b6bbf2481803677e5ce88]]>
            </message>
            <full-stacktrace>
              <![CDATA[org.openqa.selenium.NoSuchElementException: no such element: Unable to locate element: {"method":"xpath","selector":"(//input[@name='ppw-instrumentRowSelection'])[6]"}
  (Session info: chrome=128.0.6613.139)
For documentation on this error, please visit: https://www.selenium.dev/documentation/webdriver/troubleshooting/errors#no-such-element-exception
Build info: version: '4.23.1', revision: '656257d8e9'
System info: os.name: 'Windows 10', os.arch: 'amd64', os.version: '10.0', java.version: '22.0.1'
Driver info: org.openqa.selenium.chrome.ChromeDriver
Command: [90889401898b6bbf2481803677e5ce88, findElement {value=(//input[@name='ppw-instrumentRowSelection'])[6], using=xpath}]
Capabilities {acceptInsecureCerts: false, browserName: chrome, browserVersion: 128.0.6613.139, chrome: {chromedriverVersion: 128.0.6613.137 (fe621c5aa2d..., userDataDir: C:\Users\LENOVO\AppData\Loc...}, fedcm:accounts: true, goog:chromeOptions: {debuggerAddress: localhost:53801}, networkConnectionEnabled: false, pageLoadStrategy: normal, platformName: windows, proxy: Proxy(), se:cdp: ws://localhost:53801/devtoo..., se:cdpVersion: 128.0.6613.139, setWindowRect: true, strictFileInteractability: false, timeouts: {implicit: 0, pageLoad: 300000, script: 30000}, unhandledPromptBehavior: dismiss and notify, webauthn:extension:credBlob: true, webauthn:extension:largeBlob: true, webauthn:extension:minPinLength: true, webauthn:extension:prf: true, webauthn:virtualAuthenticators: true}
Session ID: 90889401898b6bbf2481803677e5ce88
at java.base/jdk.internal.reflect.DirectConstructorHandleAccessor.newInstance(DirectConstructorHandleAccessor.java:62)
at java.base/java.lang.reflect.Constructor.newInstanceWithCaller(Constructor.java:502)
at java.base/java.lang.reflect.Constructor.newInstance(Constructor.java:486)
at org.openqa.selenium.remote.ErrorCodec.decode(ErrorCodec.java:167)
at org.openqa.selenium.remote.codec.w3c.W3CHttpResponseCodec.decode(W3CHttpResponseCodec.java:138)
at org.openqa.selenium.remote.codec.w3c.W3CHttpResponseCodec.decode(W3CHttpResponseCodec.java:50)
at org.openqa.selenium.remote.HttpCommandExecutor.execute(HttpCommandExecutor.java:190)
at org.openqa.selenium.remote.service.DriverCommandExecutor.invokeExecute(DriverCommandExecutor.java:216)
at org.openqa.selenium.remote.service.DriverCommandExecutor.execute(DriverCommandExecutor.java:174)
at org.openqa.selenium.remote.RemoteWebDriver.execute(RemoteWebDriver.java:545)
at org.openqa.selenium.remote.ElementLocation$ElementFinder$2.findElement(ElementLocation.java:165)
at org.openqa.selenium.remote.ElementLocation.findElement(ElementLocation.java:59)
at org.openqa.selenium.remote.RemoteWebDriver.findElement(RemoteWebDriver.java:368)
at org.openqa.selenium.remote.RemoteWebDriver.findElement(RemoteWebDriver.java:362)
at org.openqa.selenium.support.pagefactory.DefaultElementLocator.findElement(DefaultElementLocator.java:68)
at org.openqa.selenium.support.pagefactory.internal.LocatingElementHandler.invoke(LocatingElementHandler.java:38)
at jdk.proxy2/jdk.proxy2.$Proxy11.click(Unknown Source)
at E_commerce_amazon.ReviewOrder_TC11.COD(ReviewOrder_TC11.java:51)
at E_commerce_amazon.Testcase11_OrderReview.FinalReviewOrder(Testcase11_OrderReview.java:39)
at java.base/jdk.internal.reflect.DirectMethodHandleAccessor.invoke(DirectMethodHandleAccessor.java:103)
at java.base/java.lang.reflect.Method.invoke(Method.java:580)
at org.testng.internal.invokers.MethodInvocationHelper.invokeMethod(MethodInvocationHelper.java:139)
at org.testng.internal.invokers.TestInvoker.invokeMethod(TestInvoker.java:664)
at org.testng.internal.invokers.TestInvoker.invokeTestMethod(TestInvoker.java:227)
at org.testng.internal.invokers.MethodRunner.runInSequence(MethodRunner.java:50)
at org.testng.internal.invokers.TestInvoker$MethodInvocationAgent.invoke(TestInvoker.java:957)
at org.testng.internal.invokers.TestInvoker.invokeTestMethods(TestInvoker.java:200)
at org.testng.internal.invokers.TestMethodWorker.invokeTestMethods(TestMethodWorker.java:148)
at org.testng.internal.invokers.TestMethodWorker.run(TestMethodWorker.java:128)
at java.base/java.util.ArrayList.forEach(ArrayList.java:1597)
at org.testng.TestRunner.privateRun(TestRunner.java:848)
at org.testng.TestRunner.run(TestRunner.java:621)
at org.testng.SuiteRunner.runTest(SuiteRunner.java:443)
at org.testng.SuiteRunner.runSequentially(SuiteRunner.java:437)
at org.testng.SuiteRunner.privateRun(SuiteRunner.java:397)
at org.testng.SuiteRunner.run(SuiteRunner.java:336)
at org.testng.SuiteRunnerWorker.runSuite(SuiteRunnerWorker.java:52)
at org.testng.SuiteRunnerWorker.run(SuiteRunnerWorker.java:95)
at org.testng.TestNG.runSuitesSequentially(TestNG.java:1280)
at org.testng.TestNG.runSuitesLocally(TestNG.java:1200)
at org.testng.TestNG.runSuites(TestNG.java:1114)
at org.testng.TestNG.run(TestNG.java:1082)
at org.apache.maven.surefire.testng.TestNGExecutor.run(TestNGExecutor.java:135)
at org.apache.maven.surefire.testng.TestNGDirectoryTestSuite.executeMulti(TestNGDirectoryTestSuite.java:193)
at org.apache.maven.surefire.testng.TestNGDirectoryTestSuite.execute(TestNGDirectoryTestSuite.java:94)
at org.apache.maven.surefire.testng.TestNGProvider.invoke(TestNGProvider.java:146)
at org.apache.maven.surefire.booter.ForkedBooter.invokeProviderInSameClassLoader(ForkedBooter.java:384)
at org.apache.maven.surefire.booter.ForkedBooter.runSuitesInProcess(ForkedBooter.java:345)
at org.apache.maven.surefire.booter.ForkedBooter.execute(ForkedBooter.java:126)
at org.apache.maven.surefire.booter.ForkedBooter.main(ForkedBooter.java:418)
]]>
            </full-stacktrace>
          </exception> <!-- org.openqa.selenium.NoSuchElementException -->
          <reporter-output>
          </reporter-output>
        </test-method> <!-- FinalReviewOrder -->
        <test-method is-config="true" signature="amazonlogout()[pri:0, instance:E_commerce_amazon.Testcase11_OrderReview@355ce81c]" started-at="2024-09-21T23:16:14 IST" name="amazonlogout" finished-at="2024-09-21T23:16:15 IST" duration-ms="731" status="PASS">
          <reporter-output>
          </reporter-output>
        </test-method> <!-- amazonlogout -->
        <test-method is-config="true" signature="amazonlaunch()[pri:0, instance:E_commerce_amazon.Testcase11_OrderReview@355ce81c]" started-at="2024-09-21T23:16:15 IST" name="amazonlaunch" finished-at="2024-09-21T23:16:20 IST" duration-ms="4726" status="PASS">
          <reporter-output>
          </reporter-output>
        </test-method> <!-- amazonlaunch -->
        <test-method signature="FinalReviewOrder()[pri:0, instance:E_commerce_amazon.Testcase11_OrderReview@355ce81c]" started-at="2024-09-21T23:16:20 IST" name="FinalReviewOrder" finished-at="2024-09-21T23:16:59 IST" duration-ms="38763" status="PASS">
          <reporter-output>
            <line>
              <![CDATA[testcase is pass > report from Listeners]]>
            </line>
          </reporter-output>
        </test-method> <!-- FinalReviewOrder -->
        <test-method is-config="true" signature="amazonlogout()[pri:0, instance:E_commerce_amazon.Testcase11_OrderReview@355ce81c]" started-at="2024-09-21T23:16:59 IST" name="amazonlogout" finished-at="2024-09-21T23:17:00 IST" duration-ms="718" status="PASS">
          <reporter-output>
          </reporter-output>
        </test-method> <!-- amazonlogout -->
      </class> <!-- E_commerce_amazon.Testcase11_OrderReview -->
      <class name="E_commerce_amazon.Testcase_15_AddToCart">
        <test-method is-config="true" signature="amazonlaunch()[pri:0, instance:E_commerce_amazon.Testcase_15_AddToCart@3972a855]" started-at="2024-09-21T23:21:46 IST" name="amazonlaunch" finished-at="2024-09-21T23:21:51 IST" duration-ms="5408" status="PASS">
          <reporter-output>
          </reporter-output>
        </test-method> <!-- amazonlaunch -->
        <test-method signature="AddToCartWithouLogin()[pri:0, instance:E_commerce_amazon.Testcase_15_AddToCart@3972a855]" started-at="2024-09-21T23:21:51 IST" name="AddToCartWithouLogin" finished-at="2024-09-21T23:22:05 IST" duration-ms="14208" status="PASS">
          <reporter-output>
            <line>
              <![CDATA[testcase is pass > report from Listeners]]>
            </line>
          </reporter-output>
        </test-method> <!-- AddToCartWithouLogin -->
        <test-method is-config="true" signature="amazonlogout()[pri:0, instance:E_commerce_amazon.Testcase_15_AddToCart@3972a855]" started-at="2024-09-21T23:22:06 IST" name="amazonlogout" finished-at="2024-09-21T23:22:06 IST" duration-ms="484" status="PASS">
          <reporter-output>
          </reporter-output>
        </test-method> <!-- amazonlogout -->
      </class> <!-- E_commerce_amazon.Testcase_15_AddToCart -->
      <class name="E_commerce_amazon.Testcase8_SortingProduct">
        <test-method is-config="true" signature="amazonlaunch()[pri:0, instance:E_commerce_amazon.Testcase8_SortingProduct@4da4253]" started-at="2024-09-21T23:20:59 IST" name="amazonlaunch" finished-at="2024-09-21T23:21:03 IST" duration-ms="4386" status="PASS">
          <reporter-output>
          </reporter-output>
        </test-method> <!-- amazonlaunch -->
        <test-method signature="sorting()[pri:0, instance:E_commerce_amazon.Testcase8_SortingProduct@4da4253]" started-at="2024-09-21T23:21:03 IST" name="sorting" finished-at="2024-09-21T23:21:45 IST" duration-ms="41566" status="PASS">
          <reporter-output>
            <line>
              <![CDATA[testcase is pass > report from Listeners]]>
            </line>
          </reporter-output>
        </test-method> <!-- sorting -->
        <test-method is-config="true" signature="amazonlogout()[pri:0, instance:E_commerce_amazon.Testcase8_SortingProduct@4da4253]" started-at="2024-09-21T23:21:45 IST" name="amazonlogout" finished-at="2024-09-21T23:21:46 IST" duration-ms="444" status="PASS">
          <reporter-output>
          </reporter-output>
        </test-method> <!-- amazonlogout -->
      </class> <!-- E_commerce_amazon.Testcase8_SortingProduct -->
      <class name="E_commerce_amazon.Testcase12_AllPayMethods">
        <test-method is-config="true" signature="amazonlaunch()[pri:0, instance:E_commerce_amazon.Testcase12_AllPayMethods@29647f75]" started-at="2024-09-21T23:17:00 IST" name="amazonlaunch" finished-at="2024-09-21T23:17:06 IST" duration-ms="6295" status="PASS">
          <reporter-output>
          </reporter-output>
        </test-method> <!-- amazonlaunch -->
        <test-method retried="true" signature="PaymentRadioButton()[pri:0, instance:E_commerce_amazon.Testcase12_AllPayMethods@29647f75]" started-at="2024-09-21T23:17:06 IST" name="PaymentRadioButton" finished-at="2024-09-21T23:17:35 IST" duration-ms="28796" status="SKIP">
          <exception class="org.openqa.selenium.ElementClickInterceptedException">
            <message>
              <![CDATA[element click intercepted: Element <input id="pp-WQOrFF-137" type="radio" name="ppw-instrumentRowSelection" value="instrumentId=EMI&amp;isExpired=false&amp;paymentMethod=CC&amp;tfxEligible=false" disabled=""> is not clickable at point (277, 679). Other element would receive the click: <span role="radio">...</span>
  (Session info: chrome=128.0.6613.139)
Build info: version: '4.23.1', revision: '656257d8e9'
System info: os.name: 'Windows 10', os.arch: 'amd64', os.version: '10.0', java.version: '22.0.1'
Driver info: org.openqa.selenium.chrome.ChromeDriver
Command: [f30c629c75e3e2e5979ce8773b582e8b, clickElement {id=f.FE2CB827E040449B45C683C949CF525A.d.B475E59484C6F11F440A44E3F6742F9E.e.133}]
Capabilities {acceptInsecureCerts: false, browserName: chrome, browserVersion: 128.0.6613.139, chrome: {chromedriverVersion: 128.0.6613.137 (fe621c5aa2d..., userDataDir: C:\Users\LENOVO\AppData\Loc...}, fedcm:accounts: true, goog:chromeOptions: {debuggerAddress: localhost:54120}, networkConnectionEnabled: false, pageLoadStrategy: normal, platformName: windows, proxy: Proxy(), se:cdp: ws://localhost:54120/devtoo..., se:cdpVersion: 128.0.6613.139, setWindowRect: true, strictFileInteractability: false, timeouts: {implicit: 0, pageLoad: 300000, script: 30000}, unhandledPromptBehavior: dismiss and notify, webauthn:extension:credBlob: true, webauthn:extension:largeBlob: true, webauthn:extension:minPinLength: true, webauthn:extension:prf: true, webauthn:virtualAuthenticators: true}
Element: [[ChromeDriver: chrome on windows (f30c629c75e3e2e5979ce8773b582e8b)] -> xpath: (//input[@name='ppw-instrumentRowSelection'])[5]]
Session ID: f30c629c75e3e2e5979ce8773b582e8b]]>
            </message>
            <full-stacktrace>
              <![CDATA[org.openqa.selenium.ElementClickInterceptedException: element click intercepted: Element <input id="pp-WQOrFF-137" type="radio" name="ppw-instrumentRowSelection" value="instrumentId=EMI&amp;isExpired=false&amp;paymentMethod=CC&amp;tfxEligible=false" disabled=""> is not clickable at point (277, 679). Other element would receive the click: <span role="radio">...</span>
  (Session info: chrome=128.0.6613.139)
Build info: version: '4.23.1', revision: '656257d8e9'
System info: os.name: 'Windows 10', os.arch: 'amd64', os.version: '10.0', java.version: '22.0.1'
Driver info: org.openqa.selenium.chrome.ChromeDriver
Command: [f30c629c75e3e2e5979ce8773b582e8b, clickElement {id=f.FE2CB827E040449B45C683C949CF525A.d.B475E59484C6F11F440A44E3F6742F9E.e.133}]
Capabilities {acceptInsecureCerts: false, browserName: chrome, browserVersion: 128.0.6613.139, chrome: {chromedriverVersion: 128.0.6613.137 (fe621c5aa2d..., userDataDir: C:\Users\LENOVO\AppData\Loc...}, fedcm:accounts: true, goog:chromeOptions: {debuggerAddress: localhost:54120}, networkConnectionEnabled: false, pageLoadStrategy: normal, platformName: windows, proxy: Proxy(), se:cdp: ws://localhost:54120/devtoo..., se:cdpVersion: 128.0.6613.139, setWindowRect: true, strictFileInteractability: false, timeouts: {implicit: 0, pageLoad: 300000, script: 30000}, unhandledPromptBehavior: dismiss and notify, webauthn:extension:credBlob: true, webauthn:extension:largeBlob: true, webauthn:extension:minPinLength: true, webauthn:extension:prf: true, webauthn:virtualAuthenticators: true}
Element: [[ChromeDriver: chrome on windows (f30c629c75e3e2e5979ce8773b582e8b)] -> xpath: (//input[@name='ppw-instrumentRowSelection'])[5]]
Session ID: f30c629c75e3e2e5979ce8773b582e8b
at java.base/jdk.internal.reflect.DirectConstructorHandleAccessor.newInstance(DirectConstructorHandleAccessor.java:62)
at java.base/java.lang.reflect.Constructor.newInstanceWithCaller(Constructor.java:502)
at java.base/java.lang.reflect.Constructor.newInstance(Constructor.java:486)
at org.openqa.selenium.remote.ErrorCodec.decode(ErrorCodec.java:167)
at org.openqa.selenium.remote.codec.w3c.W3CHttpResponseCodec.decode(W3CHttpResponseCodec.java:138)
at org.openqa.selenium.remote.codec.w3c.W3CHttpResponseCodec.decode(W3CHttpResponseCodec.java:50)
at org.openqa.selenium.remote.HttpCommandExecutor.execute(HttpCommandExecutor.java:190)
at org.openqa.selenium.remote.service.DriverCommandExecutor.invokeExecute(DriverCommandExecutor.java:216)
at org.openqa.selenium.remote.service.DriverCommandExecutor.execute(DriverCommandExecutor.java:174)
at org.openqa.selenium.remote.RemoteWebDriver.execute(RemoteWebDriver.java:545)
at org.openqa.selenium.remote.RemoteWebElement.execute(RemoteWebElement.java:223)
at org.openqa.selenium.remote.RemoteWebElement.click(RemoteWebElement.java:76)
at java.base/jdk.internal.reflect.DirectMethodHandleAccessor.invoke(DirectMethodHandleAccessor.java:103)
at java.base/java.lang.reflect.Method.invoke(Method.java:580)
at org.openqa.selenium.support.pagefactory.internal.LocatingElementHandler.invoke(LocatingElementHandler.java:51)
at jdk.proxy2/jdk.proxy2.$Proxy11.click(Unknown Source)
at E_commerce_amazon.AllPayMethods_TC12.COD(AllPayMethods_TC12.java:61)
at E_commerce_amazon.Testcase12_AllPayMethods.PaymentRadioButton(Testcase12_AllPayMethods.java:56)
at java.base/jdk.internal.reflect.DirectMethodHandleAccessor.invoke(DirectMethodHandleAccessor.java:103)
at java.base/java.lang.reflect.Method.invoke(Method.java:580)
at org.testng.internal.invokers.MethodInvocationHelper.invokeMethod(MethodInvocationHelper.java:139)
at org.testng.internal.invokers.TestInvoker.invokeMethod(TestInvoker.java:664)
at org.testng.internal.invokers.TestInvoker.invokeTestMethod(TestInvoker.java:227)
at org.testng.internal.invokers.MethodRunner.runInSequence(MethodRunner.java:50)
at org.testng.internal.invokers.TestInvoker$MethodInvocationAgent.invoke(TestInvoker.java:957)
at org.testng.internal.invokers.TestInvoker.invokeTestMethods(TestInvoker.java:200)
at org.testng.internal.invokers.TestMethodWorker.invokeTestMethods(TestMethodWorker.java:148)
at org.testng.internal.invokers.TestMethodWorker.run(TestMethodWorker.java:128)
at java.base/java.util.ArrayList.forEach(ArrayList.java:1597)
at org.testng.TestRunner.privateRun(TestRunner.java:848)
at org.testng.TestRunner.run(TestRunner.java:621)
at org.testng.SuiteRunner.runTest(SuiteRunner.java:443)
at org.testng.SuiteRunner.runSequentially(SuiteRunner.java:437)
at org.testng.SuiteRunner.privateRun(SuiteRunner.java:397)
at org.testng.SuiteRunner.run(SuiteRunner.java:336)
at org.testng.SuiteRunnerWorker.runSuite(SuiteRunnerWorker.java:52)
at org.testng.SuiteRunnerWorker.run(SuiteRunnerWorker.java:95)
at org.testng.TestNG.runSuitesSequentially(TestNG.java:1280)
at org.testng.TestNG.runSuitesLocally(TestNG.java:1200)
at org.testng.TestNG.runSuites(TestNG.java:1114)
at org.testng.TestNG.run(TestNG.java:1082)
at org.apache.maven.surefire.testng.TestNGExecutor.run(TestNGExecutor.java:135)
at org.apache.maven.surefire.testng.TestNGDirectoryTestSuite.executeMulti(TestNGDirectoryTestSuite.java:193)
at org.apache.maven.surefire.testng.TestNGDirectoryTestSuite.execute(TestNGDirectoryTestSuite.java:94)
at org.apache.maven.surefire.testng.TestNGProvider.invoke(TestNGProvider.java:146)
at org.apache.maven.surefire.booter.ForkedBooter.invokeProviderInSameClassLoader(ForkedBooter.java:384)
at org.apache.maven.surefire.booter.ForkedBooter.runSuitesInProcess(ForkedBooter.java:345)
at org.apache.maven.surefire.booter.ForkedBooter.execute(ForkedBooter.java:126)
at org.apache.maven.surefire.booter.ForkedBooter.main(ForkedBooter.java:418)
]]>
            </full-stacktrace>
          </exception> <!-- org.openqa.selenium.ElementClickInterceptedException -->
          <reporter-output>
          </reporter-output>
        </test-method> <!-- PaymentRadioButton -->
        <test-method is-config="true" signature="amazonlogout()[pri:0, instance:E_commerce_amazon.Testcase12_AllPayMethods@29647f75]" started-at="2024-09-21T23:17:35 IST" name="amazonlogout" finished-at="2024-09-21T23:17:35 IST" duration-ms="498" status="PASS">
          <reporter-output>
          </reporter-output>
        </test-method> <!-- amazonlogout -->
        <test-method is-config="true" signature="amazonlaunch()[pri:0, instance:E_commerce_amazon.Testcase12_AllPayMethods@29647f75]" started-at="2024-09-21T23:17:35 IST" name="amazonlaunch" finished-at="2024-09-21T23:17:42 IST" duration-ms="6727" status="PASS">
          <reporter-output>
          </reporter-output>
        </test-method> <!-- amazonlaunch -->
        <test-method signature="PaymentRadioButton()[pri:0, instance:E_commerce_amazon.Testcase12_AllPayMethods@29647f75]" started-at="2024-09-21T23:17:42 IST" name="PaymentRadioButton" finished-at="2024-09-21T23:18:10 IST" duration-ms="28368" status="PASS">
          <reporter-output>
            <line>
              <![CDATA[testcase is pass > report from Listeners]]>
            </line>
          </reporter-output>
        </test-method> <!-- PaymentRadioButton -->
        <test-method is-config="true" signature="amazonlogout()[pri:0, instance:E_commerce_amazon.Testcase12_AllPayMethods@29647f75]" started-at="2024-09-21T23:18:11 IST" name="amazonlogout" finished-at="2024-09-21T23:18:11 IST" duration-ms="599" status="PASS">
          <reporter-output>
          </reporter-output>
        </test-method> <!-- amazonlogout -->
      </class> <!-- E_commerce_amazon.Testcase12_AllPayMethods -->
      <class name="E_commerce_amazon.Testcase1_Register">
        <test-method is-config="true" signature="amazonlaunch()[pri:0, instance:E_commerce_amazon.Testcase1_Register@5fa07e12]" started-at="2024-09-21T23:19:11 IST" name="amazonlaunch" finished-at="2024-09-21T23:19:15 IST" duration-ms="4109" status="PASS">
          <reporter-output>
          </reporter-output>
        </test-method> <!-- amazonlaunch -->
        <test-method signature="register()[pri:0, instance:E_commerce_amazon.Testcase1_Register@5fa07e12]" started-at="2024-09-21T23:19:15 IST" name="register" finished-at="2024-09-21T23:19:30 IST" duration-ms="14964" status="FAIL">
          <exception class="org.openqa.selenium.NoSuchElementException">
            <message>
              <![CDATA[no such element: Unable to locate element: {"method":"xpath","selector":"//div[@class='a-alert-content']/ul/li"}
  (Session info: chrome=128.0.6613.139)
For documentation on this error, please visit: https://www.selenium.dev/documentation/webdriver/troubleshooting/errors#no-such-element-exception
Build info: version: '4.23.1', revision: '656257d8e9'
System info: os.name: 'Windows 10', os.arch: 'amd64', os.version: '10.0', java.version: '22.0.1'
Driver info: org.openqa.selenium.chrome.ChromeDriver
Command: [c750d87274422ca9b57b8919cea34b45, findElement {value=//div[@class='a-alert-content']/ul/li, using=xpath}]
Capabilities {acceptInsecureCerts: false, browserName: chrome, browserVersion: 128.0.6613.139, chrome: {chromedriverVersion: 128.0.6613.137 (fe621c5aa2d..., userDataDir: C:\Users\LENOVO\AppData\Loc...}, fedcm:accounts: true, goog:chromeOptions: {debuggerAddress: localhost:54702}, networkConnectionEnabled: false, pageLoadStrategy: normal, platformName: windows, proxy: Proxy(), se:cdp: ws://localhost:54702/devtoo..., se:cdpVersion: 128.0.6613.139, setWindowRect: true, strictFileInteractability: false, timeouts: {implicit: 0, pageLoad: 300000, script: 30000}, unhandledPromptBehavior: dismiss and notify, webauthn:extension:credBlob: true, webauthn:extension:largeBlob: true, webauthn:extension:minPinLength: true, webauthn:extension:prf: true, webauthn:virtualAuthenticators: true}
Session ID: c750d87274422ca9b57b8919cea34b45]]>
            </message>
            <full-stacktrace>
              <![CDATA[org.openqa.selenium.NoSuchElementException: no such element: Unable to locate element: {"method":"xpath","selector":"//div[@class='a-alert-content']/ul/li"}
  (Session info: chrome=128.0.6613.139)
For documentation on this error, please visit: https://www.selenium.dev/documentation/webdriver/troubleshooting/errors#no-such-element-exception
Build info: version: '4.23.1', revision: '656257d8e9'
System info: os.name: 'Windows 10', os.arch: 'amd64', os.version: '10.0', java.version: '22.0.1'
Driver info: org.openqa.selenium.chrome.ChromeDriver
Command: [c750d87274422ca9b57b8919cea34b45, findElement {value=//div[@class='a-alert-content']/ul/li, using=xpath}]
Capabilities {acceptInsecureCerts: false, browserName: chrome, browserVersion: 128.0.6613.139, chrome: {chromedriverVersion: 128.0.6613.137 (fe621c5aa2d..., userDataDir: C:\Users\LENOVO\AppData\Loc...}, fedcm:accounts: true, goog:chromeOptions: {debuggerAddress: localhost:54702}, networkConnectionEnabled: false, pageLoadStrategy: normal, platformName: windows, proxy: Proxy(), se:cdp: ws://localhost:54702/devtoo..., se:cdpVersion: 128.0.6613.139, setWindowRect: true, strictFileInteractability: false, timeouts: {implicit: 0, pageLoad: 300000, script: 30000}, unhandledPromptBehavior: dismiss and notify, webauthn:extension:credBlob: true, webauthn:extension:largeBlob: true, webauthn:extension:minPinLength: true, webauthn:extension:prf: true, webauthn:virtualAuthenticators: true}
Session ID: c750d87274422ca9b57b8919cea34b45
at java.base/jdk.internal.reflect.DirectConstructorHandleAccessor.newInstance(DirectConstructorHandleAccessor.java:62)
at java.base/java.lang.reflect.Constructor.newInstanceWithCaller(Constructor.java:502)
at java.base/java.lang.reflect.Constructor.newInstance(Constructor.java:486)
at org.openqa.selenium.remote.ErrorCodec.decode(ErrorCodec.java:167)
at org.openqa.selenium.remote.codec.w3c.W3CHttpResponseCodec.decode(W3CHttpResponseCodec.java:138)
at org.openqa.selenium.remote.codec.w3c.W3CHttpResponseCodec.decode(W3CHttpResponseCodec.java:50)
at org.openqa.selenium.remote.HttpCommandExecutor.execute(HttpCommandExecutor.java:190)
at org.openqa.selenium.remote.service.DriverCommandExecutor.invokeExecute(DriverCommandExecutor.java:216)
at org.openqa.selenium.remote.service.DriverCommandExecutor.execute(DriverCommandExecutor.java:174)
at org.openqa.selenium.remote.RemoteWebDriver.execute(RemoteWebDriver.java:545)
at org.openqa.selenium.remote.ElementLocation$ElementFinder$2.findElement(ElementLocation.java:165)
at org.openqa.selenium.remote.ElementLocation.findElement(ElementLocation.java:59)
at org.openqa.selenium.remote.RemoteWebDriver.findElement(RemoteWebDriver.java:368)
at org.openqa.selenium.remote.RemoteWebDriver.findElement(RemoteWebDriver.java:362)
at org.openqa.selenium.support.pagefactory.DefaultElementLocator.findElement(DefaultElementLocator.java:68)
at org.openqa.selenium.support.pagefactory.internal.LocatingElementHandler.invoke(LocatingElementHandler.java:38)
at jdk.proxy2/jdk.proxy2.$Proxy11.isEnabled(Unknown Source)
at E_commerce_amazon.Register_TC1.AlertPopup(Register_TC1.java:91)
at E_commerce_amazon.Testcase1_Register.register(Testcase1_Register.java:45)
at java.base/jdk.internal.reflect.DirectMethodHandleAccessor.invoke(DirectMethodHandleAccessor.java:103)
at java.base/java.lang.reflect.Method.invoke(Method.java:580)
at org.testng.internal.invokers.MethodInvocationHelper.invokeMethod(MethodInvocationHelper.java:139)
at org.testng.internal.invokers.TestInvoker.invokeMethod(TestInvoker.java:664)
at org.testng.internal.invokers.TestInvoker.invokeTestMethod(TestInvoker.java:227)
at org.testng.internal.invokers.MethodRunner.runInSequence(MethodRunner.java:50)
at org.testng.internal.invokers.TestInvoker$MethodInvocationAgent.invoke(TestInvoker.java:957)
at org.testng.internal.invokers.TestInvoker.invokeTestMethods(TestInvoker.java:200)
at org.testng.internal.invokers.TestMethodWorker.invokeTestMethods(TestMethodWorker.java:148)
at org.testng.internal.invokers.TestMethodWorker.run(TestMethodWorker.java:128)
at java.base/java.util.ArrayList.forEach(ArrayList.java:1597)
at org.testng.TestRunner.privateRun(TestRunner.java:848)
at org.testng.TestRunner.run(TestRunner.java:621)
at org.testng.SuiteRunner.runTest(SuiteRunner.java:443)
at org.testng.SuiteRunner.runSequentially(SuiteRunner.java:437)
at org.testng.SuiteRunner.privateRun(SuiteRunner.java:397)
at org.testng.SuiteRunner.run(SuiteRunner.java:336)
at org.testng.SuiteRunnerWorker.runSuite(SuiteRunnerWorker.java:52)
at org.testng.SuiteRunnerWorker.run(SuiteRunnerWorker.java:95)
at org.testng.TestNG.runSuitesSequentially(TestNG.java:1280)
at org.testng.TestNG.runSuitesLocally(TestNG.java:1200)
at org.testng.TestNG.runSuites(TestNG.java:1114)
at org.testng.TestNG.run(TestNG.java:1082)
at org.apache.maven.surefire.testng.TestNGExecutor.run(TestNGExecutor.java:135)
at org.apache.maven.surefire.testng.TestNGDirectoryTestSuite.executeMulti(TestNGDirectoryTestSuite.java:193)
at org.apache.maven.surefire.testng.TestNGDirectoryTestSuite.execute(TestNGDirectoryTestSuite.java:94)
at org.apache.maven.surefire.testng.TestNGProvider.invoke(TestNGProvider.java:146)
at org.apache.maven.surefire.booter.ForkedBooter.invokeProviderInSameClassLoader(ForkedBooter.java:384)
at org.apache.maven.surefire.booter.ForkedBooter.runSuitesInProcess(ForkedBooter.java:345)
at org.apache.maven.surefire.booter.ForkedBooter.execute(ForkedBooter.java:126)
at org.apache.maven.surefire.booter.ForkedBooter.main(ForkedBooter.java:418)
]]>
            </full-stacktrace>
          </exception> <!-- org.openqa.selenium.NoSuchElementException -->
          <reporter-output>
            <line>
              <![CDATA[testcase is fail > report from Listeners]]>
            </line>
          </reporter-output>
        </test-method> <!-- register -->
        <test-method is-config="true" signature="amazonlogout()[pri:0, instance:E_commerce_amazon.Testcase1_Register@5fa07e12]" started-at="2024-09-21T23:19:30 IST" name="amazonlogout" finished-at="2024-09-21T23:19:30 IST" duration-ms="342" status="PASS">
          <reporter-output>
          </reporter-output>
        </test-method> <!-- amazonlogout -->
      </class> <!-- E_commerce_amazon.Testcase1_Register -->
      <class name="E_commerce_amazon.Testcase13_CouponCode">
        <test-method is-config="true" signature="amazonlaunch()[pri:0, instance:E_commerce_amazon.Testcase13_CouponCode@3315d2d7]" started-at="2024-09-21T23:18:11 IST" name="amazonlaunch" finished-at="2024-09-21T23:18:16 IST" duration-ms="4569" status="PASS">
          <reporter-output>
          </reporter-output>
        </test-method> <!-- amazonlaunch -->
        <test-method signature="ApplyCoupon()[pri:0, instance:E_commerce_amazon.Testcase13_CouponCode@3315d2d7]" started-at="2024-09-21T23:18:16 IST" name="ApplyCoupon" finished-at="2024-09-21T23:18:46 IST" duration-ms="30700" status="PASS">
          <reporter-output>
            <line>
              <![CDATA[testcase is pass > report from Listeners]]>
            </line>
          </reporter-output>
        </test-method> <!-- ApplyCoupon -->
        <test-method is-config="true" signature="amazonlogout()[pri:0, instance:E_commerce_amazon.Testcase13_CouponCode@3315d2d7]" started-at="2024-09-21T23:18:47 IST" name="amazonlogout" finished-at="2024-09-21T23:18:47 IST" duration-ms="492" status="PASS">
          <reporter-output>
          </reporter-output>
        </test-method> <!-- amazonlogout -->
      </class> <!-- E_commerce_amazon.Testcase13_CouponCode -->
      <class name="E_commerce_amazon.Testcase3_LoginIvalid">
        <test-method is-config="true" signature="amazonlaunch()[pri:0, instance:E_commerce_amazon.Testcase3_LoginIvalid@482bce4f]" started-at="2024-09-21T23:19:46 IST" name="amazonlaunch" finished-at="2024-09-21T23:19:51 IST" duration-ms="4809" status="PASS">
          <reporter-output>
          </reporter-output>
        </test-method> <!-- amazonlaunch -->
        <test-method signature="login_amazon_Invalid()[pri:0, instance:E_commerce_amazon.Testcase3_LoginIvalid@482bce4f]" started-at="2024-09-21T23:19:51 IST" name="login_amazon_Invalid" finished-at="2024-09-21T23:19:55 IST" duration-ms="4197" status="PASS">
          <reporter-output>
            <line>
              <![CDATA[testcase is pass > report from Listeners]]>
            </line>
          </reporter-output>
        </test-method> <!-- login_amazon_Invalid -->
        <test-method is-config="true" signature="amazonlogout()[pri:0, instance:E_commerce_amazon.Testcase3_LoginIvalid@482bce4f]" started-at="2024-09-21T23:19:55 IST" name="amazonlogout" finished-at="2024-09-21T23:19:56 IST" duration-ms="335" status="PASS">
          <reporter-output>
          </reporter-output>
        </test-method> <!-- amazonlogout -->
      </class> <!-- E_commerce_amazon.Testcase3_LoginIvalid -->
      <class name="E_commerce_amazon.Testcase14_RatelastOrder">
        <test-method is-config="true" signature="amazonlaunch()[pri:0, instance:E_commerce_amazon.Testcase14_RatelastOrder@d6e7bab]" started-at="2024-09-21T23:18:47 IST" name="amazonlaunch" finished-at="2024-09-21T23:18:52 IST" duration-ms="4632" status="PASS">
          <reporter-output>
          </reporter-output>
        </test-method> <!-- amazonlaunch -->
        <test-method signature="RateLastOrder()[pri:0, instance:E_commerce_amazon.Testcase14_RatelastOrder@d6e7bab]" started-at="2024-09-21T23:18:52 IST" name="RateLastOrder" finished-at="2024-09-21T23:19:10 IST" duration-ms="18096" status="PASS">
          <reporter-output>
            <line>
              <![CDATA[testcase is pass > report from Listeners]]>
            </line>
          </reporter-output>
        </test-method> <!-- RateLastOrder -->
        <test-method is-config="true" signature="amazonlogout()[pri:0, instance:E_commerce_amazon.Testcase14_RatelastOrder@d6e7bab]" started-at="2024-09-21T23:19:10 IST" name="amazonlogout" finished-at="2024-09-21T23:19:11 IST" duration-ms="402" status="PASS">
          <reporter-output>
          </reporter-output>
        </test-method> <!-- amazonlogout -->
      </class> <!-- E_commerce_amazon.Testcase14_RatelastOrder -->
      <class name="E_commerce_amazon.Testcase7_ProductDetailsPage">
        <test-method is-config="true" signature="amazonlaunch()[pri:0, instance:E_commerce_amazon.Testcase7_ProductDetailsPage@865dd6]" started-at="2024-09-21T23:20:42 IST" name="amazonlaunch" finished-at="2024-09-21T23:20:47 IST" duration-ms="5276" status="PASS">
          <reporter-output>
          </reporter-output>
        </test-method> <!-- amazonlaunch -->
        <test-method signature="productpagedetails()[pri:0, instance:E_commerce_amazon.Testcase7_ProductDetailsPage@865dd6]" started-at="2024-09-21T23:20:47 IST" name="productpagedetails" finished-at="2024-09-21T23:20:58 IST" duration-ms="10547" status="PASS">
          <reporter-output>
            <line>
              <![CDATA[testcase is pass > report from Listeners]]>
            </line>
          </reporter-output>
        </test-method> <!-- productpagedetails -->
        <test-method is-config="true" signature="amazonlogout()[pri:0, instance:E_commerce_amazon.Testcase7_ProductDetailsPage@865dd6]" started-at="2024-09-21T23:20:58 IST" name="amazonlogout" finished-at="2024-09-21T23:20:59 IST" duration-ms="418" status="PASS">
          <reporter-output>
          </reporter-output>
        </test-method> <!-- amazonlogout -->
      </class> <!-- E_commerce_amazon.Testcase7_ProductDetailsPage -->
    </test> <!-- Surefire test -->
  </suite> <!-- Surefire suite -->
</testng-results>
