<html>
<head>
<title>TestNG:  Test</title>
<link href="../testng.css" rel="stylesheet" type="text/css" />
<link href="../my-testng.css" rel="stylesheet" type="text/css" />

<style type="text/css">
.log { display: none;} 
.stack-trace { display: none;} 
</style>
<script type="text/javascript">
<!--
function flip(e) {
  current = e.style.display;
  if (current == 'block') {
    e.style.display = 'none';
    return 0;
  }
  else {
    e.style.display = 'block';
    return 1;
  }
}

function toggleBox(szDivId, elem, msg1, msg2)
{
  var res = -1;  if (document.getElementById) {
    res = flip(document.getElementById(szDivId));
  }
  else if (document.all) {
    // this is the way old msie versions work
    res = flip(document.all[szDivId]);
  }
  if(elem) {
    if(res == 0) elem.innerHTML = msg1; else elem.innerHTML = msg2;
  }

}

function toggleAllBoxes() {
  if (document.getElementsByTagName) {
    d = document.getElementsByTagName('div');
    for (i = 0; i < d.length; i++) {
      if (d[i].className == 'log') {
        flip(d[i]);
      }
    }
  }
}

// -->
</script>

</head>
<body>
<h2 align='center'>Test</h2><table border='1' align="center">
<tr>
<td>Tests passed/Failed/Skipped:</td><td>14/0/3</td>
</tr><tr>
<td>Started on:</td><td>Sat Sep 21 23:42:10 IST 2024</td>
</tr>
<tr><td>Total time:</td><td>428 seconds (428691 ms)</td>
</tr><tr>
<td>Included groups:</td><td></td>
</tr><tr>
<td>Excluded groups:</td><td></td>
</tr>
</table><p/>
<small><i>(Hover the method name to see the test class name)</i></small><p/>
<table width='100%' border='1' class='invocation-passed'>
<tr><td colspan='4' align='center'><b>PASSED TESTS</b></td></tr>
<tr><td><b>Test method</b></td>
<td><b>Attribute(s)</b></td>
<td width="30%"><b>Exception</b></td>
<td width="10%"><b>Time (seconds)</b></td>
<td><b>Instance</b></td>
</tr>
<tr>
<td title='E_commerce_amazon.Tescase9_VerifyCart.verifyingcart()'><b>verifyingcart</b><br>Test class: E_commerce_amazon.Tescase9_VerifyCart<br/>
<a href="#Output-1483050851" onClick='toggleBox("Output-1483050851", this, "Show output", "Hide output");'>Show output</a>

<a href="#Output-1483050851" onClick="toggleAllBoxes();">Show all outputs</a>
<div class='log' id="Output-1483050851">
testcase is pass > report from Listeners<br/>
</div>
</td>
<td></td>
<td>12</td>
<td>E_commerce_amazon.Tescase9_VerifyCart@4b013c76</td></tr>
<tr>
<td title='E_commerce_amazon.Testcase13_CouponCode.ApplyCoupon()'><b>ApplyCoupon</b><br>Test class: E_commerce_amazon.Testcase13_CouponCode<br/>
<a href="#Output-733156437" onClick='toggleBox("Output-733156437", this, "Show output", "Hide output");'>Show output</a>

<a href="#Output-733156437" onClick="toggleAllBoxes();">Show all outputs</a>
<div class='log' id="Output-733156437">
testcase is pass > report from Listeners<br/>
</div>
</td>
<td></td>
<td>28</td>
<td>E_commerce_amazon.Testcase13_CouponCode@712625fd</td></tr>
<tr>
<td title='E_commerce_amazon.Testcase14_RatelastOrder.RateLastOrder()'><b>RateLastOrder</b><br>Test class: E_commerce_amazon.Testcase14_RatelastOrder<br/>
<a href="#Output-1630986748" onClick='toggleBox("Output-1630986748", this, "Show output", "Hide output");'>Show output</a>

<a href="#Output-1630986748" onClick="toggleAllBoxes();">Show all outputs</a>
<div class='log' id="Output-1630986748">
testcase is pass > report from Listeners<br/>
</div>
</td>
<td></td>
<td>15</td>
<td>E_commerce_amazon.Testcase14_RatelastOrder@7bba5817</td></tr>
<tr>
<td title='E_commerce_amazon.Testcase11_OrderReview.FinalReviewOrder()'><b>FinalReviewOrder</b><br>Test class: E_commerce_amazon.Testcase11_OrderReview<br/>
<a href="#Output-540315736" onClick='toggleBox("Output-540315736", this, "Show output", "Hide output");'>Show output</a>

<a href="#Output-540315736" onClick="toggleAllBoxes();">Show all outputs</a>
<div class='log' id="Output-540315736">
testcase is pass > report from Listeners<br/>
</div>
</td>
<td></td>
<td>35</td>
<td>E_commerce_amazon.Testcase11_OrderReview@cb0755b</td></tr>
<tr>
<td title='E_commerce_amazon.Testcase7_ProductDetailsPage.productpagedetails()'><b>productpagedetails</b><br>Test class: E_commerce_amazon.Testcase7_ProductDetailsPage<br/>
<a href="#Output-1346237136" onClick='toggleBox("Output-1346237136", this, "Show output", "Hide output");'>Show output</a>

<a href="#Output-1346237136" onClick="toggleAllBoxes();">Show all outputs</a>
<div class='log' id="Output-1346237136">
testcase is pass > report from Listeners<br/>
</div>
</td>
<td></td>
<td>11</td>
<td>E_commerce_amazon.Testcase7_ProductDetailsPage@3a7442c7</td></tr>
<tr>
<td title='E_commerce_amazon.Testcase6_Filter.productfilter()'><b>productfilter</b><br>Test class: E_commerce_amazon.Testcase6_Filter<br/>
<a href="#Output-1295803795" onClick='toggleBox("Output-1295803795", this, "Show output", "Hide output");'>Show output</a>

<a href="#Output-1295803795" onClick="toggleAllBoxes();">Show all outputs</a>
<div class='log' id="Output-1295803795">
testcase is pass > report from Listeners<br/>
</div>
</td>
<td></td>
<td>5</td>
<td>E_commerce_amazon.Testcase6_Filter@4be29ed9</td></tr>
<tr>
<td title='E_commerce_amazon.Testcase2_Login.login_amazon_valid()'><b>login_amazon_valid</b><br>Test class: E_commerce_amazon.Testcase2_Login<br/>
<a href="#Output-187019413" onClick='toggleBox("Output-187019413", this, "Show output", "Hide output");'>Show output</a>

<a href="#Output-187019413" onClick="toggleAllBoxes();">Show all outputs</a>
<div class='log' id="Output-187019413">
testcase is pass > report from Listeners<br/>
</div>
</td>
<td></td>
<td>9</td>
<td>E_commerce_amazon.Testcase2_Login@5ab956d7</td></tr>
<tr>
<td title='E_commerce_amazon.Testcase5_Search.amazon_Search()'><b>amazon_Search</b><br>Test class: E_commerce_amazon.Testcase5_Search<br/>
<a href="#Output-1691678663" onClick='toggleBox("Output-1691678663", this, "Show output", "Hide output");'>Show output</a>

<a href="#Output-1691678663" onClick="toggleAllBoxes();">Show all outputs</a>
<div class='log' id="Output-1691678663">
testcase is pass > report from Listeners<br/>
</div>
</td>
<td></td>
<td>5</td>
<td>E_commerce_amazon.Testcase5_Search@6bbe85a8</td></tr>
<tr>
<td title='E_commerce_amazon.Testcase3_LoginIvalid.login_amazon_Invalid()'><b>login_amazon_Invalid</b><br>Test class: E_commerce_amazon.Testcase3_LoginIvalid<br/>
<a href="#Output-703440120" onClick='toggleBox("Output-703440120", this, "Show output", "Hide output");'>Show output</a>

<a href="#Output-703440120" onClick="toggleAllBoxes();">Show all outputs</a>
<div class='log' id="Output-703440120">
testcase is pass > report from Listeners<br/>
</div>
</td>
<td></td>
<td>3</td>
<td>E_commerce_amazon.Testcase3_LoginIvalid@53045c6c</td></tr>
<tr>
<td title='E_commerce_amazon.Testcase4_ProfileEdit.EditProfile()'><b>EditProfile</b><br>Test class: E_commerce_amazon.Testcase4_ProfileEdit<br/>
<a href="#Output-1453650546" onClick='toggleBox("Output-1453650546", this, "Show output", "Hide output");'>Show output</a>

<a href="#Output-1453650546" onClick="toggleAllBoxes();">Show all outputs</a>
<div class='log' id="Output-1453650546">
testcase is pass > report from Listeners<br/>
</div>
</td>
<td></td>
<td>15</td>
<td>E_commerce_amazon.Testcase4_ProfileEdit@5149d738</td></tr>
<tr>
<td title='E_commerce_amazon.Testcase_15_AddToCart.AddToCartWithouLogin()'><b>AddToCartWithouLogin</b><br>Test class: E_commerce_amazon.Testcase_15_AddToCart<br/>
<a href="#Output-1825856364" onClick='toggleBox("Output-1825856364", this, "Show output", "Hide output");'>Show output</a>

<a href="#Output-1825856364" onClick="toggleAllBoxes();">Show all outputs</a>
<div class='log' id="Output-1825856364">
testcase is pass > report from Listeners<br/>
</div>
</td>
<td></td>
<td>16</td>
<td>E_commerce_amazon.Testcase_15_AddToCart@742ff096</td></tr>
<tr>
<td title='E_commerce_amazon.Testcase12_AllPayMethods.PaymentRadioButton()'><b>PaymentRadioButton</b><br>Test class: E_commerce_amazon.Testcase12_AllPayMethods<br/>
<a href="#Output-1542747725" onClick='toggleBox("Output-1542747725", this, "Show output", "Hide output");'>Show output</a>

<a href="#Output-1542747725" onClick="toggleAllBoxes();">Show all outputs</a>
<div class='log' id="Output-1542747725">
testcase is pass > report from Listeners<br/>
</div>
</td>
<td></td>
<td>28</td>
<td>E_commerce_amazon.Testcase12_AllPayMethods@33065d67</td></tr>
<tr>
<td title='E_commerce_amazon.Testcase10_quantity_delete.verifyingCart()'><b>verifyingCart</b><br>Test class: E_commerce_amazon.Testcase10_quantity_delete<br/>
<a href="#Output-1026134931" onClick='toggleBox("Output-1026134931", this, "Show output", "Hide output");'>Show output</a>

<a href="#Output-1026134931" onClick="toggleAllBoxes();">Show all outputs</a>
<div class='log' id="Output-1026134931">
testcase is pass > report from Listeners<br/>
</div>
</td>
<td></td>
<td>19</td>
<td>E_commerce_amazon.Testcase10_quantity_delete@53fb3dab</td></tr>
<tr>
<td title='E_commerce_amazon.Testcase8_SortingProduct.sorting()'><b>sorting</b><br>Test class: E_commerce_amazon.Testcase8_SortingProduct<br/>
<a href="#Output-1826195973" onClick='toggleBox("Output-1826195973", this, "Show output", "Hide output");'>Show output</a>

<a href="#Output-1826195973" onClick="toggleAllBoxes();">Show all outputs</a>
<div class='log' id="Output-1826195973">
testcase is pass > report from Listeners<br/>
</div>
</td>
<td></td>
<td>11</td>
<td>E_commerce_amazon.Testcase8_SortingProduct@548d708a</td></tr>
</table><p>
<table width='100%' border='1' class='invocation-skipped'>
<tr><td colspan='4' align='center'><b>SKIPPED TESTS</b></td></tr>
<tr><td><b>Test method</b></td>
<td><b>Attribute(s)</b></td>
<td width="30%"><b>Exception</b></td>
<td width="10%"><b>Time (seconds)</b></td>
<td><b>Instance</b></td>
</tr>
<tr>
<td title='E_commerce_amazon.Testcase11_OrderReview.FinalReviewOrder()'><b>FinalReviewOrder</b><br>Test class: E_commerce_amazon.Testcase11_OrderReview</td>
<td><div><pre>org.openqa.selenium.NoSuchElementException: no such element: Unable to locate element: {&quot;method&quot;:&quot;xpath&quot;,&quot;selector&quot;:&quot;(//input[@name=&apos;ppw-instrumentRowSelection&apos;])[6]&quot;}
  (Session info: chrome=128.0.6613.139)
For documentation on this error, please visit: https://www.selenium.dev/documentation/webdriver/troubleshooting/errors#no-such-element-exception
Build info: version: &apos;4.23.1&apos;, revision: &apos;656257d8e9&apos;
System info: os.name: &apos;Windows 10&apos;, os.arch: &apos;amd64&apos;, os.version: &apos;10.0&apos;, java.version: &apos;22.0.1&apos;
Driver info: org.openqa.selenium.chrome.ChromeDriver
Command: [91e7bb0fb4457ead085cd8e26d339cb9, findElement {using=xpath, value=(//input[@name=&apos;ppw-instrumentRowSelection&apos;])[6]}]
Capabilities {acceptInsecureCerts: false, browserName: chrome, browserVersion: 128.0.6613.139, chrome: {chromedriverVersion: 128.0.6613.137 (fe621c5aa2d..., userDataDir: C:\Users\LENOVO\AppData\Loc...}, fedcm:accounts: true, goog:chromeOptions: {debuggerAddress: localhost:59086}, networkConnectionEnabled: false, pageLoadStrategy: normal, platformName: windows, proxy: Proxy(), se:cdp: ws://localhost:59086/devtoo..., se:cdpVersion: 128.0.6613.139, setWindowRect: true, strictFileInteractability: false, timeouts: {implicit: 0, pageLoad: 300000, script: 30000}, unhandledPromptBehavior: dismiss and notify, webauthn:extension:credBlob: true, webauthn:extension:largeBlob: true, webauthn:extension:minPinLength: true, webauthn:extension:prf: true, webauthn:virtualAuthenticators: true}
Session ID: 91e7bb0fb4457ead085cd8e26d339cb9
	at org.openqa.selenium.remote.ErrorCodec.decode(ErrorCodec.java:167)
	at org.openqa.selenium.remote.codec.w3c.W3CHttpResponseCodec.decode(W3CHttpResponseCodec.java:138)
	at org.openqa.selenium.remote.codec.w3c.W3CHttpResponseCodec.decode(W3CHttpResponseCodec.java:50)
	at org.openqa.selenium.remote.HttpCommandExecutor.execute(HttpCommandExecutor.java:190)
	at org.openqa.selenium.remote.service.DriverCommandExecutor.invokeExecute(DriverCommandExecutor.java:216)
	at org.openqa.selenium.remote.service.DriverCommandExecutor.execute(DriverCommandExecutor.java:174)
	at org.openqa.selenium.remote.RemoteWebDriver.execute(RemoteWebDriver.java:545)
	at org.openqa.selenium.remote.ElementLocation$ElementFinder$2.findElement(ElementLocation.java:165)
	at org.openqa.selenium.remote.ElementLocation.findElement(ElementLocation.java:59)
	at org.openqa.selenium.remote.RemoteWebDriver.findElement(RemoteWebDriver.java:368)
	at org.openqa.selenium.remote.RemoteWebDriver.findElement(RemoteWebDriver.java:362)
	at org.openqa.selenium.support.pagefactory.DefaultElementLocator.findElement(DefaultElementLocator.java:68)
	at org.openqa.selenium.support.pagefactory.internal.LocatingElementHandler.invoke(LocatingElementHandler.java:38)
	at jdk.proxy2/jdk.proxy2.$Proxy10.click(Unknown Source)
	at E_commerce_amazon.ReviewOrder_TC11.COD(ReviewOrder_TC11.java:51)
	at E_commerce_amazon.Testcase11_OrderReview.FinalReviewOrder(Testcase11_OrderReview.java:39)
	at java.base/java.util.ArrayList.forEach(ArrayList.java:1597)
... Removed 32 stack frames</pre></div><a href='#' onClick='toggleBox("stack-trace2145961947", this, "Click to show all stack frames", "Click to hide stack frames")'>Click to show all stack frames</a>
<div class='stack-trace' id='stack-trace2145961947'><pre>org.openqa.selenium.NoSuchElementException: no such element: Unable to locate element: {&quot;method&quot;:&quot;xpath&quot;,&quot;selector&quot;:&quot;(//input[@name=&apos;ppw-instrumentRowSelection&apos;])[6]&quot;}
  (Session info: chrome=128.0.6613.139)
For documentation on this error, please visit: https://www.selenium.dev/documentation/webdriver/troubleshooting/errors#no-such-element-exception
Build info: version: &apos;4.23.1&apos;, revision: &apos;656257d8e9&apos;
System info: os.name: &apos;Windows 10&apos;, os.arch: &apos;amd64&apos;, os.version: &apos;10.0&apos;, java.version: &apos;22.0.1&apos;
Driver info: org.openqa.selenium.chrome.ChromeDriver
Command: [91e7bb0fb4457ead085cd8e26d339cb9, findElement {using=xpath, value=(//input[@name=&apos;ppw-instrumentRowSelection&apos;])[6]}]
Capabilities {acceptInsecureCerts: false, browserName: chrome, browserVersion: 128.0.6613.139, chrome: {chromedriverVersion: 128.0.6613.137 (fe621c5aa2d..., userDataDir: C:\Users\LENOVO\AppData\Loc...}, fedcm:accounts: true, goog:chromeOptions: {debuggerAddress: localhost:59086}, networkConnectionEnabled: false, pageLoadStrategy: normal, platformName: windows, proxy: Proxy(), se:cdp: ws://localhost:59086/devtoo..., se:cdpVersion: 128.0.6613.139, setWindowRect: true, strictFileInteractability: false, timeouts: {implicit: 0, pageLoad: 300000, script: 30000}, unhandledPromptBehavior: dismiss and notify, webauthn:extension:credBlob: true, webauthn:extension:largeBlob: true, webauthn:extension:minPinLength: true, webauthn:extension:prf: true, webauthn:virtualAuthenticators: true}
Session ID: 91e7bb0fb4457ead085cd8e26d339cb9
	at java.base/jdk.internal.reflect.DirectConstructorHandleAccessor.newInstance(DirectConstructorHandleAccessor.java:62)
	at java.base/java.lang.reflect.Constructor.newInstanceWithCaller(Constructor.java:502)
	at java.base/java.lang.reflect.Constructor.newInstance(Constructor.java:486)
	at org.openqa.selenium.remote.ErrorCodec.decode(ErrorCodec.java:167)
	at org.openqa.selenium.remote.codec.w3c.W3CHttpResponseCodec.decode(W3CHttpResponseCodec.java:138)
	at org.openqa.selenium.remote.codec.w3c.W3CHttpResponseCodec.decode(W3CHttpResponseCodec.java:50)
	at org.openqa.selenium.remote.HttpCommandExecutor.execute(HttpCommandExecutor.java:190)
	at org.openqa.selenium.remote.service.DriverCommandExecutor.invokeExecute(DriverCommandExecutor.java:216)
	at org.openqa.selenium.remote.service.DriverCommandExecutor.execute(DriverCommandExecutor.java:174)
	at org.openqa.selenium.remote.RemoteWebDriver.execute(RemoteWebDriver.java:545)
	at org.openqa.selenium.remote.ElementLocation$ElementFinder$2.findElement(ElementLocation.java:165)
	at org.openqa.selenium.remote.ElementLocation.findElement(ElementLocation.java:59)
	at org.openqa.selenium.remote.RemoteWebDriver.findElement(RemoteWebDriver.java:368)
	at org.openqa.selenium.remote.RemoteWebDriver.findElement(RemoteWebDriver.java:362)
	at org.openqa.selenium.support.pagefactory.DefaultElementLocator.findElement(DefaultElementLocator.java:68)
	at org.openqa.selenium.support.pagefactory.internal.LocatingElementHandler.invoke(LocatingElementHandler.java:38)
	at jdk.proxy2/jdk.proxy2.$Proxy10.click(Unknown Source)
	at E_commerce_amazon.ReviewOrder_TC11.COD(ReviewOrder_TC11.java:51)
	at E_commerce_amazon.Testcase11_OrderReview.FinalReviewOrder(Testcase11_OrderReview.java:39)
	at java.base/jdk.internal.reflect.DirectMethodHandleAccessor.invoke(DirectMethodHandleAccessor.java:103)
	at java.base/java.lang.reflect.Method.invoke(Method.java:580)
	at org.testng.internal.invokers.MethodInvocationHelper.invokeMethod(MethodInvocationHelper.java:139)
	at org.testng.internal.invokers.TestInvoker.invokeMethod(TestInvoker.java:664)
	at org.testng.internal.invokers.TestInvoker.retryFailed(TestInvoker.java:248)
	at org.testng.internal.invokers.MethodRunner.runInSequence(MethodRunner.java:62)
	at org.testng.internal.invokers.TestInvoker$MethodInvocationAgent.invoke(TestInvoker.java:957)
	at org.testng.internal.invokers.TestInvoker.invokeTestMethods(TestInvoker.java:200)
	at org.testng.internal.invokers.TestMethodWorker.invokeTestMethods(TestMethodWorker.java:148)
	at org.testng.internal.invokers.TestMethodWorker.run(TestMethodWorker.java:128)
	at java.base/java.util.ArrayList.forEach(ArrayList.java:1597)
	at org.testng.TestRunner.privateRun(TestRunner.java:848)
	at org.testng.TestRunner.run(TestRunner.java:621)
	at org.testng.SuiteRunner.runTest(SuiteRunner.java:443)
	at org.testng.SuiteRunner.runSequentially(SuiteRunner.java:437)
	at org.testng.SuiteRunner.privateRun(SuiteRunner.java:397)
	at org.testng.SuiteRunner.run(SuiteRunner.java:336)
	at org.testng.SuiteRunnerWorker.runSuite(SuiteRunnerWorker.java:52)
	at org.testng.SuiteRunnerWorker.run(SuiteRunnerWorker.java:95)
	at org.testng.TestNG.runSuitesSequentially(TestNG.java:1280)
	at org.testng.TestNG.runSuitesLocally(TestNG.java:1200)
	at org.testng.TestNG.runSuites(TestNG.java:1114)
	at org.testng.TestNG.run(TestNG.java:1082)
	at org.apache.maven.surefire.testng.TestNGExecutor.run(TestNGExecutor.java:308)
	at org.apache.maven.surefire.testng.TestNGXmlTestSuite.execute(TestNGXmlTestSuite.java:71)
	at org.apache.maven.surefire.testng.TestNGProvider.invoke(TestNGProvider.java:113)
	at org.apache.maven.surefire.booter.ForkedBooter.runSuitesInProcess(ForkedBooter.java:385)
	at org.apache.maven.surefire.booter.ForkedBooter.execute(ForkedBooter.java:162)
	at org.apache.maven.surefire.booter.ForkedBooter.run(ForkedBooter.java:507)
	at org.apache.maven.surefire.booter.ForkedBooter.main(ForkedBooter.java:495)
</pre></div></td>
<td>36</td>
<td>E_commerce_amazon.Testcase11_OrderReview@cb0755b</td></tr>
<tr>
<td title='E_commerce_amazon.Testcase11_OrderReview.FinalReviewOrder()'><b>FinalReviewOrder</b><br>Test class: E_commerce_amazon.Testcase11_OrderReview</td>
<td><div><pre>org.openqa.selenium.NoSuchElementException: no such element: Unable to locate element: {&quot;method&quot;:&quot;xpath&quot;,&quot;selector&quot;:&quot;(//input[@name=&apos;ppw-instrumentRowSelection&apos;])[6]&quot;}
  (Session info: chrome=128.0.6613.139)
For documentation on this error, please visit: https://www.selenium.dev/documentation/webdriver/troubleshooting/errors#no-such-element-exception
Build info: version: &apos;4.23.1&apos;, revision: &apos;656257d8e9&apos;
System info: os.name: &apos;Windows 10&apos;, os.arch: &apos;amd64&apos;, os.version: &apos;10.0&apos;, java.version: &apos;22.0.1&apos;
Driver info: org.openqa.selenium.chrome.ChromeDriver
Command: [e84e2628c450fea452cdc4914aeadd02, findElement {using=xpath, value=(//input[@name=&apos;ppw-instrumentRowSelection&apos;])[6]}]
Capabilities {acceptInsecureCerts: false, browserName: chrome, browserVersion: 128.0.6613.139, chrome: {chromedriverVersion: 128.0.6613.137 (fe621c5aa2d..., userDataDir: C:\Users\LENOVO\AppData\Loc...}, fedcm:accounts: true, goog:chromeOptions: {debuggerAddress: localhost:58796}, networkConnectionEnabled: false, pageLoadStrategy: normal, platformName: windows, proxy: Proxy(), se:cdp: ws://localhost:58796/devtoo..., se:cdpVersion: 128.0.6613.139, setWindowRect: true, strictFileInteractability: false, timeouts: {implicit: 0, pageLoad: 300000, script: 30000}, unhandledPromptBehavior: dismiss and notify, webauthn:extension:credBlob: true, webauthn:extension:largeBlob: true, webauthn:extension:minPinLength: true, webauthn:extension:prf: true, webauthn:virtualAuthenticators: true}
Session ID: e84e2628c450fea452cdc4914aeadd02
	at org.openqa.selenium.remote.ErrorCodec.decode(ErrorCodec.java:167)
	at org.openqa.selenium.remote.codec.w3c.W3CHttpResponseCodec.decode(W3CHttpResponseCodec.java:138)
	at org.openqa.selenium.remote.codec.w3c.W3CHttpResponseCodec.decode(W3CHttpResponseCodec.java:50)
	at org.openqa.selenium.remote.HttpCommandExecutor.execute(HttpCommandExecutor.java:190)
	at org.openqa.selenium.remote.service.DriverCommandExecutor.invokeExecute(DriverCommandExecutor.java:216)
	at org.openqa.selenium.remote.service.DriverCommandExecutor.execute(DriverCommandExecutor.java:174)
	at org.openqa.selenium.remote.RemoteWebDriver.execute(RemoteWebDriver.java:545)
	at org.openqa.selenium.remote.ElementLocation$ElementFinder$2.findElement(ElementLocation.java:165)
	at org.openqa.selenium.remote.ElementLocation.findElement(ElementLocation.java:59)
	at org.openqa.selenium.remote.RemoteWebDriver.findElement(RemoteWebDriver.java:368)
	at org.openqa.selenium.remote.RemoteWebDriver.findElement(RemoteWebDriver.java:362)
	at org.openqa.selenium.support.pagefactory.DefaultElementLocator.findElement(DefaultElementLocator.java:68)
	at org.openqa.selenium.support.pagefactory.internal.LocatingElementHandler.invoke(LocatingElementHandler.java:38)
	at jdk.proxy2/jdk.proxy2.$Proxy10.click(Unknown Source)
	at E_commerce_amazon.ReviewOrder_TC11.COD(ReviewOrder_TC11.java:51)
	at E_commerce_amazon.Testcase11_OrderReview.FinalReviewOrder(Testcase11_OrderReview.java:39)
	at java.base/java.util.ArrayList.forEach(ArrayList.java:1597)
... Removed 32 stack frames</pre></div><a href='#' onClick='toggleBox("stack-trace575779772", this, "Click to show all stack frames", "Click to hide stack frames")'>Click to show all stack frames</a>
<div class='stack-trace' id='stack-trace575779772'><pre>org.openqa.selenium.NoSuchElementException: no such element: Unable to locate element: {&quot;method&quot;:&quot;xpath&quot;,&quot;selector&quot;:&quot;(//input[@name=&apos;ppw-instrumentRowSelection&apos;])[6]&quot;}
  (Session info: chrome=128.0.6613.139)
For documentation on this error, please visit: https://www.selenium.dev/documentation/webdriver/troubleshooting/errors#no-such-element-exception
Build info: version: &apos;4.23.1&apos;, revision: &apos;656257d8e9&apos;
System info: os.name: &apos;Windows 10&apos;, os.arch: &apos;amd64&apos;, os.version: &apos;10.0&apos;, java.version: &apos;22.0.1&apos;
Driver info: org.openqa.selenium.chrome.ChromeDriver
Command: [e84e2628c450fea452cdc4914aeadd02, findElement {using=xpath, value=(//input[@name=&apos;ppw-instrumentRowSelection&apos;])[6]}]
Capabilities {acceptInsecureCerts: false, browserName: chrome, browserVersion: 128.0.6613.139, chrome: {chromedriverVersion: 128.0.6613.137 (fe621c5aa2d..., userDataDir: C:\Users\LENOVO\AppData\Loc...}, fedcm:accounts: true, goog:chromeOptions: {debuggerAddress: localhost:58796}, networkConnectionEnabled: false, pageLoadStrategy: normal, platformName: windows, proxy: Proxy(), se:cdp: ws://localhost:58796/devtoo..., se:cdpVersion: 128.0.6613.139, setWindowRect: true, strictFileInteractability: false, timeouts: {implicit: 0, pageLoad: 300000, script: 30000}, unhandledPromptBehavior: dismiss and notify, webauthn:extension:credBlob: true, webauthn:extension:largeBlob: true, webauthn:extension:minPinLength: true, webauthn:extension:prf: true, webauthn:virtualAuthenticators: true}
Session ID: e84e2628c450fea452cdc4914aeadd02
	at java.base/jdk.internal.reflect.DirectConstructorHandleAccessor.newInstance(DirectConstructorHandleAccessor.java:62)
	at java.base/java.lang.reflect.Constructor.newInstanceWithCaller(Constructor.java:502)
	at java.base/java.lang.reflect.Constructor.newInstance(Constructor.java:486)
	at org.openqa.selenium.remote.ErrorCodec.decode(ErrorCodec.java:167)
	at org.openqa.selenium.remote.codec.w3c.W3CHttpResponseCodec.decode(W3CHttpResponseCodec.java:138)
	at org.openqa.selenium.remote.codec.w3c.W3CHttpResponseCodec.decode(W3CHttpResponseCodec.java:50)
	at org.openqa.selenium.remote.HttpCommandExecutor.execute(HttpCommandExecutor.java:190)
	at org.openqa.selenium.remote.service.DriverCommandExecutor.invokeExecute(DriverCommandExecutor.java:216)
	at org.openqa.selenium.remote.service.DriverCommandExecutor.execute(DriverCommandExecutor.java:174)
	at org.openqa.selenium.remote.RemoteWebDriver.execute(RemoteWebDriver.java:545)
	at org.openqa.selenium.remote.ElementLocation$ElementFinder$2.findElement(ElementLocation.java:165)
	at org.openqa.selenium.remote.ElementLocation.findElement(ElementLocation.java:59)
	at org.openqa.selenium.remote.RemoteWebDriver.findElement(RemoteWebDriver.java:368)
	at org.openqa.selenium.remote.RemoteWebDriver.findElement(RemoteWebDriver.java:362)
	at org.openqa.selenium.support.pagefactory.DefaultElementLocator.findElement(DefaultElementLocator.java:68)
	at org.openqa.selenium.support.pagefactory.internal.LocatingElementHandler.invoke(LocatingElementHandler.java:38)
	at jdk.proxy2/jdk.proxy2.$Proxy10.click(Unknown Source)
	at E_commerce_amazon.ReviewOrder_TC11.COD(ReviewOrder_TC11.java:51)
	at E_commerce_amazon.Testcase11_OrderReview.FinalReviewOrder(Testcase11_OrderReview.java:39)
	at java.base/jdk.internal.reflect.DirectMethodHandleAccessor.invoke(DirectMethodHandleAccessor.java:103)
	at java.base/java.lang.reflect.Method.invoke(Method.java:580)
	at org.testng.internal.invokers.MethodInvocationHelper.invokeMethod(MethodInvocationHelper.java:139)
	at org.testng.internal.invokers.TestInvoker.invokeMethod(TestInvoker.java:664)
	at org.testng.internal.invokers.TestInvoker.invokeTestMethod(TestInvoker.java:227)
	at org.testng.internal.invokers.MethodRunner.runInSequence(MethodRunner.java:50)
	at org.testng.internal.invokers.TestInvoker$MethodInvocationAgent.invoke(TestInvoker.java:957)
	at org.testng.internal.invokers.TestInvoker.invokeTestMethods(TestInvoker.java:200)
	at org.testng.internal.invokers.TestMethodWorker.invokeTestMethods(TestMethodWorker.java:148)
	at org.testng.internal.invokers.TestMethodWorker.run(TestMethodWorker.java:128)
	at java.base/java.util.ArrayList.forEach(ArrayList.java:1597)
	at org.testng.TestRunner.privateRun(TestRunner.java:848)
	at org.testng.TestRunner.run(TestRunner.java:621)
	at org.testng.SuiteRunner.runTest(SuiteRunner.java:443)
	at org.testng.SuiteRunner.runSequentially(SuiteRunner.java:437)
	at org.testng.SuiteRunner.privateRun(SuiteRunner.java:397)
	at org.testng.SuiteRunner.run(SuiteRunner.java:336)
	at org.testng.SuiteRunnerWorker.runSuite(SuiteRunnerWorker.java:52)
	at org.testng.SuiteRunnerWorker.run(SuiteRunnerWorker.java:95)
	at org.testng.TestNG.runSuitesSequentially(TestNG.java:1280)
	at org.testng.TestNG.runSuitesLocally(TestNG.java:1200)
	at org.testng.TestNG.runSuites(TestNG.java:1114)
	at org.testng.TestNG.run(TestNG.java:1082)
	at org.apache.maven.surefire.testng.TestNGExecutor.run(TestNGExecutor.java:308)
	at org.apache.maven.surefire.testng.TestNGXmlTestSuite.execute(TestNGXmlTestSuite.java:71)
	at org.apache.maven.surefire.testng.TestNGProvider.invoke(TestNGProvider.java:113)
	at org.apache.maven.surefire.booter.ForkedBooter.runSuitesInProcess(ForkedBooter.java:385)
	at org.apache.maven.surefire.booter.ForkedBooter.execute(ForkedBooter.java:162)
	at org.apache.maven.surefire.booter.ForkedBooter.run(ForkedBooter.java:507)
	at org.apache.maven.surefire.booter.ForkedBooter.main(ForkedBooter.java:495)
</pre></div></td>
<td>38</td>
<td>E_commerce_amazon.Testcase11_OrderReview@cb0755b</td></tr>
<tr>
<td title='E_commerce_amazon.Testcase11_OrderReview.FinalReviewOrder()'><b>FinalReviewOrder</b><br>Test class: E_commerce_amazon.Testcase11_OrderReview</td>
<td><div><pre>org.openqa.selenium.NoSuchElementException: no such element: Unable to locate element: {&quot;method&quot;:&quot;xpath&quot;,&quot;selector&quot;:&quot;(//input[@name=&apos;ppw-instrumentRowSelection&apos;])[6]&quot;}
  (Session info: chrome=128.0.6613.139)
For documentation on this error, please visit: https://www.selenium.dev/documentation/webdriver/troubleshooting/errors#no-such-element-exception
Build info: version: &apos;4.23.1&apos;, revision: &apos;656257d8e9&apos;
System info: os.name: &apos;Windows 10&apos;, os.arch: &apos;amd64&apos;, os.version: &apos;10.0&apos;, java.version: &apos;22.0.1&apos;
Driver info: org.openqa.selenium.chrome.ChromeDriver
Command: [e4197246b10de2cb39ea1863d6904fd9, findElement {using=xpath, value=(//input[@name=&apos;ppw-instrumentRowSelection&apos;])[6]}]
Capabilities {acceptInsecureCerts: false, browserName: chrome, browserVersion: 128.0.6613.139, chrome: {chromedriverVersion: 128.0.6613.137 (fe621c5aa2d..., userDataDir: C:\Users\LENOVO\AppData\Loc...}, fedcm:accounts: true, goog:chromeOptions: {debuggerAddress: localhost:58945}, networkConnectionEnabled: false, pageLoadStrategy: normal, platformName: windows, proxy: Proxy(), se:cdp: ws://localhost:58945/devtoo..., se:cdpVersion: 128.0.6613.139, setWindowRect: true, strictFileInteractability: false, timeouts: {implicit: 0, pageLoad: 300000, script: 30000}, unhandledPromptBehavior: dismiss and notify, webauthn:extension:credBlob: true, webauthn:extension:largeBlob: true, webauthn:extension:minPinLength: true, webauthn:extension:prf: true, webauthn:virtualAuthenticators: true}
Session ID: e4197246b10de2cb39ea1863d6904fd9
	at org.openqa.selenium.remote.ErrorCodec.decode(ErrorCodec.java:167)
	at org.openqa.selenium.remote.codec.w3c.W3CHttpResponseCodec.decode(W3CHttpResponseCodec.java:138)
	at org.openqa.selenium.remote.codec.w3c.W3CHttpResponseCodec.decode(W3CHttpResponseCodec.java:50)
	at org.openqa.selenium.remote.HttpCommandExecutor.execute(HttpCommandExecutor.java:190)
	at org.openqa.selenium.remote.service.DriverCommandExecutor.invokeExecute(DriverCommandExecutor.java:216)
	at org.openqa.selenium.remote.service.DriverCommandExecutor.execute(DriverCommandExecutor.java:174)
	at org.openqa.selenium.remote.RemoteWebDriver.execute(RemoteWebDriver.java:545)
	at org.openqa.selenium.remote.ElementLocation$ElementFinder$2.findElement(ElementLocation.java:165)
	at org.openqa.selenium.remote.ElementLocation.findElement(ElementLocation.java:59)
	at org.openqa.selenium.remote.RemoteWebDriver.findElement(RemoteWebDriver.java:368)
	at org.openqa.selenium.remote.RemoteWebDriver.findElement(RemoteWebDriver.java:362)
	at org.openqa.selenium.support.pagefactory.DefaultElementLocator.findElement(DefaultElementLocator.java:68)
	at org.openqa.selenium.support.pagefactory.internal.LocatingElementHandler.invoke(LocatingElementHandler.java:38)
	at jdk.proxy2/jdk.proxy2.$Proxy10.click(Unknown Source)
	at E_commerce_amazon.ReviewOrder_TC11.COD(ReviewOrder_TC11.java:51)
	at E_commerce_amazon.Testcase11_OrderReview.FinalReviewOrder(Testcase11_OrderReview.java:39)
	at java.base/java.util.ArrayList.forEach(ArrayList.java:1597)
... Removed 32 stack frames</pre></div><a href='#' onClick='toggleBox("stack-trace1319463899", this, "Click to show all stack frames", "Click to hide stack frames")'>Click to show all stack frames</a>
<div class='stack-trace' id='stack-trace1319463899'><pre>org.openqa.selenium.NoSuchElementException: no such element: Unable to locate element: {&quot;method&quot;:&quot;xpath&quot;,&quot;selector&quot;:&quot;(//input[@name=&apos;ppw-instrumentRowSelection&apos;])[6]&quot;}
  (Session info: chrome=128.0.6613.139)
For documentation on this error, please visit: https://www.selenium.dev/documentation/webdriver/troubleshooting/errors#no-such-element-exception
Build info: version: &apos;4.23.1&apos;, revision: &apos;656257d8e9&apos;
System info: os.name: &apos;Windows 10&apos;, os.arch: &apos;amd64&apos;, os.version: &apos;10.0&apos;, java.version: &apos;22.0.1&apos;
Driver info: org.openqa.selenium.chrome.ChromeDriver
Command: [e4197246b10de2cb39ea1863d6904fd9, findElement {using=xpath, value=(//input[@name=&apos;ppw-instrumentRowSelection&apos;])[6]}]
Capabilities {acceptInsecureCerts: false, browserName: chrome, browserVersion: 128.0.6613.139, chrome: {chromedriverVersion: 128.0.6613.137 (fe621c5aa2d..., userDataDir: C:\Users\LENOVO\AppData\Loc...}, fedcm:accounts: true, goog:chromeOptions: {debuggerAddress: localhost:58945}, networkConnectionEnabled: false, pageLoadStrategy: normal, platformName: windows, proxy: Proxy(), se:cdp: ws://localhost:58945/devtoo..., se:cdpVersion: 128.0.6613.139, setWindowRect: true, strictFileInteractability: false, timeouts: {implicit: 0, pageLoad: 300000, script: 30000}, unhandledPromptBehavior: dismiss and notify, webauthn:extension:credBlob: true, webauthn:extension:largeBlob: true, webauthn:extension:minPinLength: true, webauthn:extension:prf: true, webauthn:virtualAuthenticators: true}
Session ID: e4197246b10de2cb39ea1863d6904fd9
	at java.base/jdk.internal.reflect.DirectConstructorHandleAccessor.newInstance(DirectConstructorHandleAccessor.java:62)
	at java.base/java.lang.reflect.Constructor.newInstanceWithCaller(Constructor.java:502)
	at java.base/java.lang.reflect.Constructor.newInstance(Constructor.java:486)
	at org.openqa.selenium.remote.ErrorCodec.decode(ErrorCodec.java:167)
	at org.openqa.selenium.remote.codec.w3c.W3CHttpResponseCodec.decode(W3CHttpResponseCodec.java:138)
	at org.openqa.selenium.remote.codec.w3c.W3CHttpResponseCodec.decode(W3CHttpResponseCodec.java:50)
	at org.openqa.selenium.remote.HttpCommandExecutor.execute(HttpCommandExecutor.java:190)
	at org.openqa.selenium.remote.service.DriverCommandExecutor.invokeExecute(DriverCommandExecutor.java:216)
	at org.openqa.selenium.remote.service.DriverCommandExecutor.execute(DriverCommandExecutor.java:174)
	at org.openqa.selenium.remote.RemoteWebDriver.execute(RemoteWebDriver.java:545)
	at org.openqa.selenium.remote.ElementLocation$ElementFinder$2.findElement(ElementLocation.java:165)
	at org.openqa.selenium.remote.ElementLocation.findElement(ElementLocation.java:59)
	at org.openqa.selenium.remote.RemoteWebDriver.findElement(RemoteWebDriver.java:368)
	at org.openqa.selenium.remote.RemoteWebDriver.findElement(RemoteWebDriver.java:362)
	at org.openqa.selenium.support.pagefactory.DefaultElementLocator.findElement(DefaultElementLocator.java:68)
	at org.openqa.selenium.support.pagefactory.internal.LocatingElementHandler.invoke(LocatingElementHandler.java:38)
	at jdk.proxy2/jdk.proxy2.$Proxy10.click(Unknown Source)
	at E_commerce_amazon.ReviewOrder_TC11.COD(ReviewOrder_TC11.java:51)
	at E_commerce_amazon.Testcase11_OrderReview.FinalReviewOrder(Testcase11_OrderReview.java:39)
	at java.base/jdk.internal.reflect.DirectMethodHandleAccessor.invoke(DirectMethodHandleAccessor.java:103)
	at java.base/java.lang.reflect.Method.invoke(Method.java:580)
	at org.testng.internal.invokers.MethodInvocationHelper.invokeMethod(MethodInvocationHelper.java:139)
	at org.testng.internal.invokers.TestInvoker.invokeMethod(TestInvoker.java:664)
	at org.testng.internal.invokers.TestInvoker.retryFailed(TestInvoker.java:248)
	at org.testng.internal.invokers.MethodRunner.runInSequence(MethodRunner.java:62)
	at org.testng.internal.invokers.TestInvoker$MethodInvocationAgent.invoke(TestInvoker.java:957)
	at org.testng.internal.invokers.TestInvoker.invokeTestMethods(TestInvoker.java:200)
	at org.testng.internal.invokers.TestMethodWorker.invokeTestMethods(TestMethodWorker.java:148)
	at org.testng.internal.invokers.TestMethodWorker.run(TestMethodWorker.java:128)
	at java.base/java.util.ArrayList.forEach(ArrayList.java:1597)
	at org.testng.TestRunner.privateRun(TestRunner.java:848)
	at org.testng.TestRunner.run(TestRunner.java:621)
	at org.testng.SuiteRunner.runTest(SuiteRunner.java:443)
	at org.testng.SuiteRunner.runSequentially(SuiteRunner.java:437)
	at org.testng.SuiteRunner.privateRun(SuiteRunner.java:397)
	at org.testng.SuiteRunner.run(SuiteRunner.java:336)
	at org.testng.SuiteRunnerWorker.runSuite(SuiteRunnerWorker.java:52)
	at org.testng.SuiteRunnerWorker.run(SuiteRunnerWorker.java:95)
	at org.testng.TestNG.runSuitesSequentially(TestNG.java:1280)
	at org.testng.TestNG.runSuitesLocally(TestNG.java:1200)
	at org.testng.TestNG.runSuites(TestNG.java:1114)
	at org.testng.TestNG.run(TestNG.java:1082)
	at org.apache.maven.surefire.testng.TestNGExecutor.run(TestNGExecutor.java:308)
	at org.apache.maven.surefire.testng.TestNGXmlTestSuite.execute(TestNGXmlTestSuite.java:71)
	at org.apache.maven.surefire.testng.TestNGProvider.invoke(TestNGProvider.java:113)
	at org.apache.maven.surefire.booter.ForkedBooter.runSuitesInProcess(ForkedBooter.java:385)
	at org.apache.maven.surefire.booter.ForkedBooter.execute(ForkedBooter.java:162)
	at org.apache.maven.surefire.booter.ForkedBooter.run(ForkedBooter.java:507)
	at org.apache.maven.surefire.booter.ForkedBooter.main(ForkedBooter.java:495)
</pre></div></td>
<td>33</td>
<td>E_commerce_amazon.Testcase11_OrderReview@cb0755b</td></tr>
</table><p>
</body>
</html>