<!DOCTYPE html PUBLIC "-//W3C//DTD XHTML 1.1//EN" "https://www.w3.org/TR/xhtml11/DTD/xhtml11.dtd">
<html xmlns="https://www.w3.org/1999/xhtml">
<head>
<meta http-equiv="content-type" content="text/html; charset=UTF-8"/>
<title>TestNG Report</title>
<style type="text/css">table {margin-bottom:10px;border-collapse:collapse;empty-cells:show}th,td {border:1px solid #009;padding:.25em .5em}th {vertical-align:bottom}td {vertical-align:top}table a {font-weight:bold}.stripe td {background-color: #E6EBF9}.num {text-align:right}.passedodd td {background-color: #3F3}.passedeven td {background-color: #0A0}.skippedodd td {background-color: #DDD}.skippedeven td {background-color: #CCC}.failedodd td,.attn {background-color: #F33}.failedeven td,.stripe .attn {background-color: #D00}.stacktrace {white-space:pre;font-family:monospace}.totop {font-size:85%;text-align:center;border-bottom:2px solid #000}.invisible {display:none}</style>
</head>
<body>
<table>
<tr><th>Test</th><th># Passed</th><th># Skipped</th><th># Retried</th><th># Failed</th><th>Time (ms)</th><th>Included Groups</th><th>Excluded Groups</th></tr>
<tr><th colspan="8">Suite</th></tr>
<tr><td><a href="#t0">Test</a></td><td class="num">14</td><td class="num">0</td><td class="num attn">3</td><td class="num">0</td><td class="num">428,691</td><td></td><td></td></tr>
</table>
<table id='summary'><thead><tr><th>Class</th><th>Method</th><th>Start</th><th>Time (ms)</th></tr></thead><tbody><tr><th colspan="4">Suite</th></tr></tbody><tbody id="t0"><tr><th colspan="4">Test &#8212; retried</th></tr><tr class="retriedeven"><td rowspan="3">E_commerce_amazon.Testcase11_OrderReview</td><td><a href="#m0">FinalReviewOrder</a></td><td rowspan="3">1726942569338</td><td rowspan="3">36379</td></tr><tr class="retriedeven"><td><a href="#m1">FinalReviewOrder</a></td></tr><tr class="retriedeven"><td><a href="#m2">FinalReviewOrder</a></td></tr><tr><th colspan="4">Test &#8212; passed</th></tr><tr class="passedeven"><td rowspan="1">E_commerce_amazon.Tescase9_VerifyCart</td><td><a href="#m3">verifyingcart</a></td><td rowspan="1">1726942441583</td><td rowspan="1">12421</td></tr><tr class="passedodd"><td rowspan="1">E_commerce_amazon.Testcase10_quantity_delete</td><td><a href="#m4">verifyingCart</a></td><td rowspan="1">1726942459826</td><td rowspan="1">19453</td></tr><tr class="passedeven"><td rowspan="1">E_commerce_amazon.Testcase11_OrderReview</td><td><a href="#m5">FinalReviewOrder</a></td><td rowspan="1">1726942611133</td><td rowspan="1">35092</td></tr><tr class="passedodd"><td rowspan="1">E_commerce_amazon.Testcase12_AllPayMethods</td><td><a href="#m6">PaymentRadioButton</a></td><td rowspan="1">1726942651648</td><td rowspan="1">28705</td></tr><tr class="passedeven"><td rowspan="1">E_commerce_amazon.Testcase13_CouponCode</td><td><a href="#m7">ApplyCoupon</a></td><td rowspan="1">1726942685408</td><td rowspan="1">28698</td></tr><tr class="passedodd"><td rowspan="1">E_commerce_amazon.Testcase14_RatelastOrder</td><td><a href="#m8">RateLastOrder</a></td><td rowspan="1">1726942720554</td><td rowspan="1">15632</td></tr><tr class="passedeven"><td rowspan="1">E_commerce_amazon.Testcase2_Login</td><td><a href="#m9">login_amazon_valid</a></td><td rowspan="1">1726942335803</td><td rowspan="1">9137</td></tr><tr class="passedodd"><td rowspan="1">E_commerce_amazon.Testcase3_LoginIvalid</td><td><a href="#m10">login_amazon_Invalid</a></td><td rowspan="1">1726942351004</td><td rowspan="1">3095</td></tr><tr class="passedeven"><td rowspan="1">E_commerce_amazon.Testcase4_ProfileEdit</td><td><a href="#m11">EditProfile</a></td><td rowspan="1">1726942361128</td><td rowspan="1">15723</td></tr><tr class="passedodd"><td rowspan="1">E_commerce_amazon.Testcase5_Search</td><td><a href="#m12">amazon_Search</a></td><td rowspan="1">1726942382549</td><td rowspan="1">5322</td></tr><tr class="passedeven"><td rowspan="1">E_commerce_amazon.Testcase6_Filter</td><td><a href="#m13">productfilter</a></td><td rowspan="1">1726942411102</td><td rowspan="1">5595</td></tr><tr class="passedodd"><td rowspan="1">E_commerce_amazon.Testcase7_ProductDetailsPage</td><td><a href="#m14">productpagedetails</a></td><td rowspan="1">1726942394262</td><td rowspan="1">11465</td></tr><tr class="passedeven"><td rowspan="1">E_commerce_amazon.Testcase8_SortingProduct</td><td><a href="#m15">sorting</a></td><td rowspan="1">1726942423771</td><td rowspan="1">11483</td></tr><tr class="passedodd"><td rowspan="1">E_commerce_amazon.Testcase_15_AddToCart</td><td><a href="#m16">AddToCartWithouLogin</a></td><td rowspan="1">1726942741510</td><td rowspan="1">16807</td></tr></tbody>
</table>
<h2>Test</h2><h3 id="m0">E_commerce_amazon.Testcase11_OrderReview#FinalReviewOrder</h3><table class="result"><tr><th>Exception</th></tr><tr><td><div class="stacktrace">org.openqa.selenium.NoSuchElementException: no such element: Unable to locate element: {&quot;method&quot;:&quot;xpath&quot;,&quot;selector&quot;:&quot;(//input[@name=&apos;ppw-instrumentRowSelection&apos;])[6]&quot;}
  (Session info: chrome=128.0.6613.139)
For documentation on this error, please visit: https://www.selenium.dev/documentation/webdriver/troubleshooting/errors#no-such-element-exception
Build info: version: &apos;4.23.1&apos;, revision: &apos;656257d8e9&apos;
System info: os.name: &apos;Windows 10&apos;, os.arch: &apos;amd64&apos;, os.version: &apos;10.0&apos;, java.version: &apos;22.0.1&apos;
Driver info: org.openqa.selenium.chrome.ChromeDriver
Command: [91e7bb0fb4457ead085cd8e26d339cb9, findElement {using=xpath, value=(//input[@name=&apos;ppw-instrumentRowSelection&apos;])[6]}]
Capabilities {acceptInsecureCerts: false, browserName: chrome, browserVersion: 128.0.6613.139, chrome: {chromedriverVersion: 128.0.6613.137 (fe621c5aa2d..., userDataDir: C:\Users\LENOVO\AppData\Loc...}, fedcm:accounts: true, goog:chromeOptions: {debuggerAddress: localhost:59086}, networkConnectionEnabled: false, pageLoadStrategy: normal, platformName: windows, proxy: Proxy(), se:cdp: ws://localhost:59086/devtoo..., se:cdpVersion: 128.0.6613.139, setWindowRect: true, strictFileInteractability: false, timeouts: {implicit: 0, pageLoad: 300000, script: 30000}, unhandledPromptBehavior: dismiss and notify, webauthn:extension:credBlob: true, webauthn:extension:largeBlob: true, webauthn:extension:minPinLength: true, webauthn:extension:prf: true, webauthn:virtualAuthenticators: true}
Session ID: 91e7bb0fb4457ead085cd8e26d339cb9
	at org.openqa.selenium.remote.ErrorCodec.decode(ErrorCodec.java:167)
	at org.openqa.selenium.remote.codec.w3c.W3CHttpResponseCodec.decode(W3CHttpResponseCodec.java:138)
	at org.openqa.selenium.remote.codec.w3c.W3CHttpResponseCodec.decode(W3CHttpResponseCodec.java:50)
	at org.openqa.selenium.remote.HttpCommandExecutor.execute(HttpCommandExecutor.java:190)
	at org.openqa.selenium.remote.service.DriverCommandExecutor.invokeExecute(DriverCommandExecutor.java:216)
	at org.openqa.selenium.remote.service.DriverCommandExecutor.execute(DriverCommandExecutor.java:174)
	at org.openqa.selenium.remote.RemoteWebDriver.execute(RemoteWebDriver.java:545)
	at org.openqa.selenium.remote.ElementLocation$ElementFinder$2.findElement(ElementLocation.java:165)
	at org.openqa.selenium.remote.ElementLocation.findElement(ElementLocation.java:59)
	at org.openqa.selenium.remote.RemoteWebDriver.findElement(RemoteWebDriver.java:368)
	at org.openqa.selenium.remote.RemoteWebDriver.findElement(RemoteWebDriver.java:362)
	at org.openqa.selenium.support.pagefactory.DefaultElementLocator.findElement(DefaultElementLocator.java:68)
	at org.openqa.selenium.support.pagefactory.internal.LocatingElementHandler.invoke(LocatingElementHandler.java:38)
	at jdk.proxy2/jdk.proxy2.$Proxy10.click(Unknown Source)
	at E_commerce_amazon.ReviewOrder_TC11.COD(ReviewOrder_TC11.java:51)
	at E_commerce_amazon.Testcase11_OrderReview.FinalReviewOrder(Testcase11_OrderReview.java:39)
	at java.base/java.util.ArrayList.forEach(ArrayList.java:1597)
... Removed 32 stack frames</div></td></tr></table><p class="totop"><a href="#summary">back to summary</a></p>
<h3 id="m1">E_commerce_amazon.Testcase11_OrderReview#FinalReviewOrder</h3><table class="result"><tr><th>Exception</th></tr><tr><td><div class="stacktrace">org.openqa.selenium.NoSuchElementException: no such element: Unable to locate element: {&quot;method&quot;:&quot;xpath&quot;,&quot;selector&quot;:&quot;(//input[@name=&apos;ppw-instrumentRowSelection&apos;])[6]&quot;}
  (Session info: chrome=128.0.6613.139)
For documentation on this error, please visit: https://www.selenium.dev/documentation/webdriver/troubleshooting/errors#no-such-element-exception
Build info: version: &apos;4.23.1&apos;, revision: &apos;656257d8e9&apos;
System info: os.name: &apos;Windows 10&apos;, os.arch: &apos;amd64&apos;, os.version: &apos;10.0&apos;, java.version: &apos;22.0.1&apos;
Driver info: org.openqa.selenium.chrome.ChromeDriver
Command: [e84e2628c450fea452cdc4914aeadd02, findElement {using=xpath, value=(//input[@name=&apos;ppw-instrumentRowSelection&apos;])[6]}]
Capabilities {acceptInsecureCerts: false, browserName: chrome, browserVersion: 128.0.6613.139, chrome: {chromedriverVersion: 128.0.6613.137 (fe621c5aa2d..., userDataDir: C:\Users\LENOVO\AppData\Loc...}, fedcm:accounts: true, goog:chromeOptions: {debuggerAddress: localhost:58796}, networkConnectionEnabled: false, pageLoadStrategy: normal, platformName: windows, proxy: Proxy(), se:cdp: ws://localhost:58796/devtoo..., se:cdpVersion: 128.0.6613.139, setWindowRect: true, strictFileInteractability: false, timeouts: {implicit: 0, pageLoad: 300000, script: 30000}, unhandledPromptBehavior: dismiss and notify, webauthn:extension:credBlob: true, webauthn:extension:largeBlob: true, webauthn:extension:minPinLength: true, webauthn:extension:prf: true, webauthn:virtualAuthenticators: true}
Session ID: e84e2628c450fea452cdc4914aeadd02
	at org.openqa.selenium.remote.ErrorCodec.decode(ErrorCodec.java:167)
	at org.openqa.selenium.remote.codec.w3c.W3CHttpResponseCodec.decode(W3CHttpResponseCodec.java:138)
	at org.openqa.selenium.remote.codec.w3c.W3CHttpResponseCodec.decode(W3CHttpResponseCodec.java:50)
	at org.openqa.selenium.remote.HttpCommandExecutor.execute(HttpCommandExecutor.java:190)
	at org.openqa.selenium.remote.service.DriverCommandExecutor.invokeExecute(DriverCommandExecutor.java:216)
	at org.openqa.selenium.remote.service.DriverCommandExecutor.execute(DriverCommandExecutor.java:174)
	at org.openqa.selenium.remote.RemoteWebDriver.execute(RemoteWebDriver.java:545)
	at org.openqa.selenium.remote.ElementLocation$ElementFinder$2.findElement(ElementLocation.java:165)
	at org.openqa.selenium.remote.ElementLocation.findElement(ElementLocation.java:59)
	at org.openqa.selenium.remote.RemoteWebDriver.findElement(RemoteWebDriver.java:368)
	at org.openqa.selenium.remote.RemoteWebDriver.findElement(RemoteWebDriver.java:362)
	at org.openqa.selenium.support.pagefactory.DefaultElementLocator.findElement(DefaultElementLocator.java:68)
	at org.openqa.selenium.support.pagefactory.internal.LocatingElementHandler.invoke(LocatingElementHandler.java:38)
	at jdk.proxy2/jdk.proxy2.$Proxy10.click(Unknown Source)
	at E_commerce_amazon.ReviewOrder_TC11.COD(ReviewOrder_TC11.java:51)
	at E_commerce_amazon.Testcase11_OrderReview.FinalReviewOrder(Testcase11_OrderReview.java:39)
	at java.base/java.util.ArrayList.forEach(ArrayList.java:1597)
... Removed 32 stack frames</div></td></tr></table><p class="totop"><a href="#summary">back to summary</a></p>
<h3 id="m2">E_commerce_amazon.Testcase11_OrderReview#FinalReviewOrder</h3><table class="result"><tr><th>Exception</th></tr><tr><td><div class="stacktrace">org.openqa.selenium.NoSuchElementException: no such element: Unable to locate element: {&quot;method&quot;:&quot;xpath&quot;,&quot;selector&quot;:&quot;(//input[@name=&apos;ppw-instrumentRowSelection&apos;])[6]&quot;}
  (Session info: chrome=128.0.6613.139)
For documentation on this error, please visit: https://www.selenium.dev/documentation/webdriver/troubleshooting/errors#no-such-element-exception
Build info: version: &apos;4.23.1&apos;, revision: &apos;656257d8e9&apos;
System info: os.name: &apos;Windows 10&apos;, os.arch: &apos;amd64&apos;, os.version: &apos;10.0&apos;, java.version: &apos;22.0.1&apos;
Driver info: org.openqa.selenium.chrome.ChromeDriver
Command: [e4197246b10de2cb39ea1863d6904fd9, findElement {using=xpath, value=(//input[@name=&apos;ppw-instrumentRowSelection&apos;])[6]}]
Capabilities {acceptInsecureCerts: false, browserName: chrome, browserVersion: 128.0.6613.139, chrome: {chromedriverVersion: 128.0.6613.137 (fe621c5aa2d..., userDataDir: C:\Users\LENOVO\AppData\Loc...}, fedcm:accounts: true, goog:chromeOptions: {debuggerAddress: localhost:58945}, networkConnectionEnabled: false, pageLoadStrategy: normal, platformName: windows, proxy: Proxy(), se:cdp: ws://localhost:58945/devtoo..., se:cdpVersion: 128.0.6613.139, setWindowRect: true, strictFileInteractability: false, timeouts: {implicit: 0, pageLoad: 300000, script: 30000}, unhandledPromptBehavior: dismiss and notify, webauthn:extension:credBlob: true, webauthn:extension:largeBlob: true, webauthn:extension:minPinLength: true, webauthn:extension:prf: true, webauthn:virtualAuthenticators: true}
Session ID: e4197246b10de2cb39ea1863d6904fd9
	at org.openqa.selenium.remote.ErrorCodec.decode(ErrorCodec.java:167)
	at org.openqa.selenium.remote.codec.w3c.W3CHttpResponseCodec.decode(W3CHttpResponseCodec.java:138)
	at org.openqa.selenium.remote.codec.w3c.W3CHttpResponseCodec.decode(W3CHttpResponseCodec.java:50)
	at org.openqa.selenium.remote.HttpCommandExecutor.execute(HttpCommandExecutor.java:190)
	at org.openqa.selenium.remote.service.DriverCommandExecutor.invokeExecute(DriverCommandExecutor.java:216)
	at org.openqa.selenium.remote.service.DriverCommandExecutor.execute(DriverCommandExecutor.java:174)
	at org.openqa.selenium.remote.RemoteWebDriver.execute(RemoteWebDriver.java:545)
	at org.openqa.selenium.remote.ElementLocation$ElementFinder$2.findElement(ElementLocation.java:165)
	at org.openqa.selenium.remote.ElementLocation.findElement(ElementLocation.java:59)
	at org.openqa.selenium.remote.RemoteWebDriver.findElement(RemoteWebDriver.java:368)
	at org.openqa.selenium.remote.RemoteWebDriver.findElement(RemoteWebDriver.java:362)
	at org.openqa.selenium.support.pagefactory.DefaultElementLocator.findElement(DefaultElementLocator.java:68)
	at org.openqa.selenium.support.pagefactory.internal.LocatingElementHandler.invoke(LocatingElementHandler.java:38)
	at jdk.proxy2/jdk.proxy2.$Proxy10.click(Unknown Source)
	at E_commerce_amazon.ReviewOrder_TC11.COD(ReviewOrder_TC11.java:51)
	at E_commerce_amazon.Testcase11_OrderReview.FinalReviewOrder(Testcase11_OrderReview.java:39)
	at java.base/java.util.ArrayList.forEach(ArrayList.java:1597)
... Removed 32 stack frames</div></td></tr></table><p class="totop"><a href="#summary">back to summary</a></p>
<h3 id="m3">E_commerce_amazon.Tescase9_VerifyCart#verifyingcart</h3><table class="result"><tr><th>Messages</th></tr><tr><td><div class="messages">testcase is pass > report from Listeners</div></td></tr></table><p class="totop"><a href="#summary">back to summary</a></p>
<h3 id="m4">E_commerce_amazon.Testcase10_quantity_delete#verifyingCart</h3><table class="result"><tr><th>Messages</th></tr><tr><td><div class="messages">testcase is pass > report from Listeners</div></td></tr></table><p class="totop"><a href="#summary">back to summary</a></p>
<h3 id="m5">E_commerce_amazon.Testcase11_OrderReview#FinalReviewOrder</h3><table class="result"><tr><th>Messages</th></tr><tr><td><div class="messages">testcase is pass > report from Listeners</div></td></tr></table><p class="totop"><a href="#summary">back to summary</a></p>
<h3 id="m6">E_commerce_amazon.Testcase12_AllPayMethods#PaymentRadioButton</h3><table class="result"><tr><th>Messages</th></tr><tr><td><div class="messages">testcase is pass > report from Listeners</div></td></tr></table><p class="totop"><a href="#summary">back to summary</a></p>
<h3 id="m7">E_commerce_amazon.Testcase13_CouponCode#ApplyCoupon</h3><table class="result"><tr><th>Messages</th></tr><tr><td><div class="messages">testcase is pass > report from Listeners</div></td></tr></table><p class="totop"><a href="#summary">back to summary</a></p>
<h3 id="m8">E_commerce_amazon.Testcase14_RatelastOrder#RateLastOrder</h3><table class="result"><tr><th>Messages</th></tr><tr><td><div class="messages">testcase is pass > report from Listeners</div></td></tr></table><p class="totop"><a href="#summary">back to summary</a></p>
<h3 id="m9">E_commerce_amazon.Testcase2_Login#login_amazon_valid</h3><table class="result"><tr><th>Messages</th></tr><tr><td><div class="messages">testcase is pass > report from Listeners</div></td></tr></table><p class="totop"><a href="#summary">back to summary</a></p>
<h3 id="m10">E_commerce_amazon.Testcase3_LoginIvalid#login_amazon_Invalid</h3><table class="result"><tr><th>Messages</th></tr><tr><td><div class="messages">testcase is pass > report from Listeners</div></td></tr></table><p class="totop"><a href="#summary">back to summary</a></p>
<h3 id="m11">E_commerce_amazon.Testcase4_ProfileEdit#EditProfile</h3><table class="result"><tr><th>Messages</th></tr><tr><td><div class="messages">testcase is pass > report from Listeners</div></td></tr></table><p class="totop"><a href="#summary">back to summary</a></p>
<h3 id="m12">E_commerce_amazon.Testcase5_Search#amazon_Search</h3><table class="result"><tr><th>Messages</th></tr><tr><td><div class="messages">testcase is pass > report from Listeners</div></td></tr></table><p class="totop"><a href="#summary">back to summary</a></p>
<h3 id="m13">E_commerce_amazon.Testcase6_Filter#productfilter</h3><table class="result"><tr><th>Messages</th></tr><tr><td><div class="messages">testcase is pass > report from Listeners</div></td></tr></table><p class="totop"><a href="#summary">back to summary</a></p>
<h3 id="m14">E_commerce_amazon.Testcase7_ProductDetailsPage#productpagedetails</h3><table class="result"><tr><th>Messages</th></tr><tr><td><div class="messages">testcase is pass > report from Listeners</div></td></tr></table><p class="totop"><a href="#summary">back to summary</a></p>
<h3 id="m15">E_commerce_amazon.Testcase8_SortingProduct#sorting</h3><table class="result"><tr><th>Messages</th></tr><tr><td><div class="messages">testcase is pass > report from Listeners</div></td></tr></table><p class="totop"><a href="#summary">back to summary</a></p>
<h3 id="m16">E_commerce_amazon.Testcase_15_AddToCart#AddToCartWithouLogin</h3><table class="result"><tr><th>Messages</th></tr><tr><td><div class="messages">testcase is pass > report from Listeners</div></td></tr></table><p class="totop"><a href="#summary">back to summary</a></p>
</body>
</html>
