<?xml version="1.0" encoding="UTF-8"?>
<testng-results retried="3" ignored="3" total="20" passed="14" failed="0" skipped="0">
  <reporter-output>
    <line>
      <![CDATA[testcase is pass > report from Listeners]]>
    </line>
    <line>
      <![CDATA[testcase is pass > report from Listeners]]>
    </line>
    <line>
      <![CDATA[testcase is pass > report from Listeners]]>
    </line>
    <line>
      <![CDATA[testcase is pass > report from Listeners]]>
    </line>
    <line>
      <![CDATA[testcase is pass > report from Listeners]]>
    </line>
    <line>
      <![CDATA[testcase is pass > report from Listeners]]>
    </line>
    <line>
      <![CDATA[testcase is pass > report from Listeners]]>
    </line>
    <line>
      <![CDATA[testcase is pass > report from Listeners]]>
    </line>
    <line>
      <![CDATA[testcase is pass > report from Listeners]]>
    </line>
    <line>
      <![CDATA[testcase is pass > report from Listeners]]>
    </line>
    <line>
      <![CDATA[testcase is pass > report from Listeners]]>
    </line>
    <line>
      <![CDATA[testcase is pass > report from Listeners]]>
    </line>
    <line>
      <![CDATA[testcase is pass > report from Listeners]]>
    </line>
    <line>
      <![CDATA[testcase is pass > report from Listeners]]>
    </line>
  </reporter-output>
  <suite started-at="2024-09-21T23:42:10 IST" name="Suite" finished-at="2024-09-21T23:49:19 IST" duration-ms="428691">
    <groups>
    </groups>
    <test started-at="2024-09-21T23:42:10 IST" name="Test" finished-at="2024-09-21T23:49:19 IST" duration-ms="428691">
      <class name="E_commerce_amazon.Testcase2_Login">
        <test-method is-config="true" signature="amazonlaunch()[pri:0, instance:E_commerce_amazon.Testcase2_Login@5ab956d7]" started-at="2024-09-21T23:42:10 IST" name="amazonlaunch" finished-at="2024-09-21T23:42:15 IST" duration-ms="5401" status="PASS">
          <reporter-output>
          </reporter-output>
        </test-method> <!-- amazonlaunch -->
        <test-method signature="login_amazon_valid()[pri:0, instance:E_commerce_amazon.Testcase2_Login@5ab956d7]" started-at="2024-09-21T23:42:15 IST" name="login_amazon_valid" finished-at="2024-09-21T23:42:24 IST" duration-ms="9137" status="PASS">
          <reporter-output>
            <line>
              <![CDATA[testcase is pass > report from Listeners]]>
            </line>
          </reporter-output>
        </test-method> <!-- login_amazon_valid -->
        <test-method is-config="true" signature="amazonlogout()[pri:0, instance:E_commerce_amazon.Testcase2_Login@5ab956d7]" started-at="2024-09-21T23:42:25 IST" name="amazonlogout" finished-at="2024-09-21T23:42:26 IST" duration-ms="357" status="PASS">
          <reporter-output>
          </reporter-output>
        </test-method> <!-- amazonlogout -->
      </class> <!-- E_commerce_amazon.Testcase2_Login -->
      <class name="E_commerce_amazon.Testcase10_quantity_delete">
        <test-method is-config="true" signature="amazonlaunch()[pri:0, instance:E_commerce_amazon.Testcase10_quantity_delete@53fb3dab]" started-at="2024-09-21T23:44:14 IST" name="amazonlaunch" finished-at="2024-09-21T23:44:19 IST" duration-ms="4917" status="PASS">
          <reporter-output>
          </reporter-output>
        </test-method> <!-- amazonlaunch -->
        <test-method signature="verifyingCart()[pri:0, instance:E_commerce_amazon.Testcase10_quantity_delete@53fb3dab]" started-at="2024-09-21T23:44:19 IST" name="verifyingCart" finished-at="2024-09-21T23:44:39 IST" duration-ms="19453" status="PASS">
          <reporter-output>
            <line>
              <![CDATA[testcase is pass > report from Listeners]]>
            </line>
          </reporter-output>
        </test-method> <!-- verifyingCart -->
        <test-method is-config="true" signature="amazonlogout()[pri:0, instance:E_commerce_amazon.Testcase10_quantity_delete@53fb3dab]" started-at="2024-09-21T23:44:39 IST" name="amazonlogout" finished-at="2024-09-21T23:44:39 IST" duration-ms="409" status="PASS">
          <reporter-output>
          </reporter-output>
        </test-method> <!-- amazonlogout -->
      </class> <!-- E_commerce_amazon.Testcase10_quantity_delete -->
      <class name="E_commerce_amazon.Tescase9_VerifyCart">
        <test-method is-config="true" signature="amazonlaunch()[pri:0, instance:E_commerce_amazon.Tescase9_VerifyCart@4b013c76]" started-at="2024-09-21T23:43:56 IST" name="amazonlaunch" finished-at="2024-09-21T23:44:01 IST" duration-ms="5569" status="PASS">
          <reporter-output>
          </reporter-output>
        </test-method> <!-- amazonlaunch -->
        <test-method signature="verifyingcart()[pri:0, instance:E_commerce_amazon.Tescase9_VerifyCart@4b013c76]" started-at="2024-09-21T23:44:01 IST" name="verifyingcart" finished-at="2024-09-21T23:44:14 IST" duration-ms="12421" status="PASS">
          <reporter-output>
            <line>
              <![CDATA[testcase is pass > report from Listeners]]>
            </line>
          </reporter-output>
        </test-method> <!-- verifyingcart -->
        <test-method is-config="true" signature="amazonlogout()[pri:0, instance:E_commerce_amazon.Tescase9_VerifyCart@4b013c76]" started-at="2024-09-21T23:44:14 IST" name="amazonlogout" finished-at="2024-09-21T23:44:14 IST" duration-ms="479" status="PASS">
          <reporter-output>
          </reporter-output>
        </test-method> <!-- amazonlogout -->
      </class> <!-- E_commerce_amazon.Tescase9_VerifyCart -->
      <class name="E_commerce_amazon.Testcase4_ProfileEdit">
        <test-method is-config="true" signature="amazonlaunch()[pri:0, instance:E_commerce_amazon.Testcase4_ProfileEdit@5149d738]" started-at="2024-09-21T23:42:34 IST" name="amazonlaunch" finished-at="2024-09-21T23:42:41 IST" duration-ms="6494" status="PASS">
          <reporter-output>
          </reporter-output>
        </test-method> <!-- amazonlaunch -->
        <test-method signature="EditProfile()[pri:0, instance:E_commerce_amazon.Testcase4_ProfileEdit@5149d738]" started-at="2024-09-21T23:42:41 IST" name="EditProfile" finished-at="2024-09-21T23:42:56 IST" duration-ms="15723" status="PASS">
          <reporter-output>
            <line>
              <![CDATA[testcase is pass > report from Listeners]]>
            </line>
          </reporter-output>
        </test-method> <!-- EditProfile -->
        <test-method is-config="true" signature="amazonlogout()[pri:0, instance:E_commerce_amazon.Testcase4_ProfileEdit@5149d738]" started-at="2024-09-21T23:42:57 IST" name="amazonlogout" finished-at="2024-09-21T23:42:57 IST" duration-ms="373" status="PASS">
          <reporter-output>
          </reporter-output>
        </test-method> <!-- amazonlogout -->
      </class> <!-- E_commerce_amazon.Testcase4_ProfileEdit -->
      <class name="E_commerce_amazon.Testcase6_Filter">
        <test-method is-config="true" signature="amazonlaunch()[pri:0, instance:E_commerce_amazon.Testcase6_Filter@4be29ed9]" started-at="2024-09-21T23:43:26 IST" name="amazonlaunch" finished-at="2024-09-21T23:43:31 IST" duration-ms="4715" status="PASS">
          <reporter-output>
          </reporter-output>
        </test-method> <!-- amazonlaunch -->
        <test-method signature="productfilter()[pri:0, instance:E_commerce_amazon.Testcase6_Filter@4be29ed9]" started-at="2024-09-21T23:43:31 IST" name="productfilter" finished-at="2024-09-21T23:43:36 IST" duration-ms="5595" status="PASS">
          <reporter-output>
            <line>
              <![CDATA[testcase is pass > report from Listeners]]>
            </line>
          </reporter-output>
        </test-method> <!-- productfilter -->
        <test-method is-config="true" signature="amazonlogout()[pri:0, instance:E_commerce_amazon.Testcase6_Filter@4be29ed9]" started-at="2024-09-21T23:43:37 IST" name="amazonlogout" finished-at="2024-09-21T23:43:37 IST" duration-ms="354" status="PASS">
          <reporter-output>
          </reporter-output>
        </test-method> <!-- amazonlogout -->
      </class> <!-- E_commerce_amazon.Testcase6_Filter -->
      <class name="E_commerce_amazon.Testcase11_OrderReview">
        <test-method is-config="true" signature="amazonlaunch()[pri:0, instance:E_commerce_amazon.Testcase11_OrderReview@cb0755b]" started-at="2024-09-21T23:44:39 IST" name="amazonlaunch" finished-at="2024-09-21T23:44:44 IST" duration-ms="4673" status="PASS">
          <reporter-output>
          </reporter-output>
        </test-method> <!-- amazonlaunch -->
        <test-method retried="true" signature="FinalReviewOrder()[pri:0, instance:E_commerce_amazon.Testcase11_OrderReview@cb0755b]" started-at="2024-09-21T23:44:44 IST" name="FinalReviewOrder" finished-at="2024-09-21T23:45:22 IST" duration-ms="38077" status="SKIP">
          <exception class="org.openqa.selenium.NoSuchElementException">
            <message>
              <![CDATA[no such element: Unable to locate element: {"method":"xpath","selector":"(//input[@name='ppw-instrumentRowSelection'])[6]"}
  (Session info: chrome=128.0.6613.139)
For documentation on this error, please visit: https://www.selenium.dev/documentation/webdriver/troubleshooting/errors#no-such-element-exception
Build info: version: '4.23.1', revision: '656257d8e9'
System info: os.name: 'Windows 10', os.arch: 'amd64', os.version: '10.0', java.version: '22.0.1'
Driver info: org.openqa.selenium.chrome.ChromeDriver
Command: [e84e2628c450fea452cdc4914aeadd02, findElement {using=xpath, value=(//input[@name='ppw-instrumentRowSelection'])[6]}]
Capabilities {acceptInsecureCerts: false, browserName: chrome, browserVersion: 128.0.6613.139, chrome: {chromedriverVersion: 128.0.6613.137 (fe621c5aa2d..., userDataDir: C:\Users\LENOVO\AppData\Loc...}, fedcm:accounts: true, goog:chromeOptions: {debuggerAddress: localhost:58796}, networkConnectionEnabled: false, pageLoadStrategy: normal, platformName: windows, proxy: Proxy(), se:cdp: ws://localhost:58796/devtoo..., se:cdpVersion: 128.0.6613.139, setWindowRect: true, strictFileInteractability: false, timeouts: {implicit: 0, pageLoad: 300000, script: 30000}, unhandledPromptBehavior: dismiss and notify, webauthn:extension:credBlob: true, webauthn:extension:largeBlob: true, webauthn:extension:minPinLength: true, webauthn:extension:prf: true, webauthn:virtualAuthenticators: true}
Session ID: e84e2628c450fea452cdc4914aeadd02]]>
            </message>
            <full-stacktrace>
              <![CDATA[org.openqa.selenium.NoSuchElementException: no such element: Unable to locate element: {"method":"xpath","selector":"(//input[@name='ppw-instrumentRowSelection'])[6]"}
  (Session info: chrome=128.0.6613.139)
For documentation on this error, please visit: https://www.selenium.dev/documentation/webdriver/troubleshooting/errors#no-such-element-exception
Build info: version: '4.23.1', revision: '656257d8e9'
System info: os.name: 'Windows 10', os.arch: 'amd64', os.version: '10.0', java.version: '22.0.1'
Driver info: org.openqa.selenium.chrome.ChromeDriver
Command: [e84e2628c450fea452cdc4914aeadd02, findElement {using=xpath, value=(//input[@name='ppw-instrumentRowSelection'])[6]}]
Capabilities {acceptInsecureCerts: false, browserName: chrome, browserVersion: 128.0.6613.139, chrome: {chromedriverVersion: 128.0.6613.137 (fe621c5aa2d..., userDataDir: C:\Users\LENOVO\AppData\Loc...}, fedcm:accounts: true, goog:chromeOptions: {debuggerAddress: localhost:58796}, networkConnectionEnabled: false, pageLoadStrategy: normal, platformName: windows, proxy: Proxy(), se:cdp: ws://localhost:58796/devtoo..., se:cdpVersion: 128.0.6613.139, setWindowRect: true, strictFileInteractability: false, timeouts: {implicit: 0, pageLoad: 300000, script: 30000}, unhandledPromptBehavior: dismiss and notify, webauthn:extension:credBlob: true, webauthn:extension:largeBlob: true, webauthn:extension:minPinLength: true, webauthn:extension:prf: true, webauthn:virtualAuthenticators: true}
Session ID: e84e2628c450fea452cdc4914aeadd02
at java.base/jdk.internal.reflect.DirectConstructorHandleAccessor.newInstance(DirectConstructorHandleAccessor.java:62)
at java.base/java.lang.reflect.Constructor.newInstanceWithCaller(Constructor.java:502)
at java.base/java.lang.reflect.Constructor.newInstance(Constructor.java:486)
at org.openqa.selenium.remote.ErrorCodec.decode(ErrorCodec.java:167)
at org.openqa.selenium.remote.codec.w3c.W3CHttpResponseCodec.decode(W3CHttpResponseCodec.java:138)
at org.openqa.selenium.remote.codec.w3c.W3CHttpResponseCodec.decode(W3CHttpResponseCodec.java:50)
at org.openqa.selenium.remote.HttpCommandExecutor.execute(HttpCommandExecutor.java:190)
at org.openqa.selenium.remote.service.DriverCommandExecutor.invokeExecute(DriverCommandExecutor.java:216)
at org.openqa.selenium.remote.service.DriverCommandExecutor.execute(DriverCommandExecutor.java:174)
at org.openqa.selenium.remote.RemoteWebDriver.execute(RemoteWebDriver.java:545)
at org.openqa.selenium.remote.ElementLocation$ElementFinder$2.findElement(ElementLocation.java:165)
at org.openqa.selenium.remote.ElementLocation.findElement(ElementLocation.java:59)
at org.openqa.selenium.remote.RemoteWebDriver.findElement(RemoteWebDriver.java:368)
at org.openqa.selenium.remote.RemoteWebDriver.findElement(RemoteWebDriver.java:362)
at org.openqa.selenium.support.pagefactory.DefaultElementLocator.findElement(DefaultElementLocator.java:68)
at org.openqa.selenium.support.pagefactory.internal.LocatingElementHandler.invoke(LocatingElementHandler.java:38)
at jdk.proxy2/jdk.proxy2.$Proxy10.click(Unknown Source)
at E_commerce_amazon.ReviewOrder_TC11.COD(ReviewOrder_TC11.java:51)
at E_commerce_amazon.Testcase11_OrderReview.FinalReviewOrder(Testcase11_OrderReview.java:39)
at java.base/jdk.internal.reflect.DirectMethodHandleAccessor.invoke(DirectMethodHandleAccessor.java:103)
at java.base/java.lang.reflect.Method.invoke(Method.java:580)
at org.testng.internal.invokers.MethodInvocationHelper.invokeMethod(MethodInvocationHelper.java:139)
at org.testng.internal.invokers.TestInvoker.invokeMethod(TestInvoker.java:664)
at org.testng.internal.invokers.TestInvoker.invokeTestMethod(TestInvoker.java:227)
at org.testng.internal.invokers.MethodRunner.runInSequence(MethodRunner.java:50)
at org.testng.internal.invokers.TestInvoker$MethodInvocationAgent.invoke(TestInvoker.java:957)
at org.testng.internal.invokers.TestInvoker.invokeTestMethods(TestInvoker.java:200)
at org.testng.internal.invokers.TestMethodWorker.invokeTestMethods(TestMethodWorker.java:148)
at org.testng.internal.invokers.TestMethodWorker.run(TestMethodWorker.java:128)
at java.base/java.util.ArrayList.forEach(ArrayList.java:1597)
at org.testng.TestRunner.privateRun(TestRunner.java:848)
at org.testng.TestRunner.run(TestRunner.java:621)
at org.testng.SuiteRunner.runTest(SuiteRunner.java:443)
at org.testng.SuiteRunner.runSequentially(SuiteRunner.java:437)
at org.testng.SuiteRunner.privateRun(SuiteRunner.java:397)
at org.testng.SuiteRunner.run(SuiteRunner.java:336)
at org.testng.SuiteRunnerWorker.runSuite(SuiteRunnerWorker.java:52)
at org.testng.SuiteRunnerWorker.run(SuiteRunnerWorker.java:95)
at org.testng.TestNG.runSuitesSequentially(TestNG.java:1280)
at org.testng.TestNG.runSuitesLocally(TestNG.java:1200)
at org.testng.TestNG.runSuites(TestNG.java:1114)
at org.testng.TestNG.run(TestNG.java:1082)
at org.apache.maven.surefire.testng.TestNGExecutor.run(TestNGExecutor.java:308)
at org.apache.maven.surefire.testng.TestNGXmlTestSuite.execute(TestNGXmlTestSuite.java:71)
at org.apache.maven.surefire.testng.TestNGProvider.invoke(TestNGProvider.java:113)
at org.apache.maven.surefire.booter.ForkedBooter.runSuitesInProcess(ForkedBooter.java:385)
at org.apache.maven.surefire.booter.ForkedBooter.execute(ForkedBooter.java:162)
at org.apache.maven.surefire.booter.ForkedBooter.run(ForkedBooter.java:507)
at org.apache.maven.surefire.booter.ForkedBooter.main(ForkedBooter.java:495)
]]>
            </full-stacktrace>
          </exception> <!-- org.openqa.selenium.NoSuchElementException -->
          <reporter-output>
          </reporter-output>
        </test-method> <!-- FinalReviewOrder -->
        <test-method is-config="true" signature="amazonlogout()[pri:0, instance:E_commerce_amazon.Testcase11_OrderReview@cb0755b]" started-at="2024-09-21T23:45:22 IST" name="amazonlogout" finished-at="2024-09-21T23:45:23 IST" duration-ms="494" status="PASS">
          <reporter-output>
          </reporter-output>
        </test-method> <!-- amazonlogout -->
        <test-method is-config="true" signature="amazonlaunch()[pri:0, instance:E_commerce_amazon.Testcase11_OrderReview@cb0755b]" started-at="2024-09-21T23:45:23 IST" name="amazonlaunch" finished-at="2024-09-21T23:45:29 IST" duration-ms="6251" status="PASS">
          <reporter-output>
          </reporter-output>
        </test-method> <!-- amazonlaunch -->
        <test-method retried="true" signature="FinalReviewOrder()[pri:0, instance:E_commerce_amazon.Testcase11_OrderReview@cb0755b]" started-at="2024-09-21T23:45:29 IST" name="FinalReviewOrder" finished-at="2024-09-21T23:46:03 IST" duration-ms="33905" status="SKIP">
          <exception class="org.openqa.selenium.NoSuchElementException">
            <message>
              <![CDATA[no such element: Unable to locate element: {"method":"xpath","selector":"(//input[@name='ppw-instrumentRowSelection'])[6]"}
  (Session info: chrome=128.0.6613.139)
For documentation on this error, please visit: https://www.selenium.dev/documentation/webdriver/troubleshooting/errors#no-such-element-exception
Build info: version: '4.23.1', revision: '656257d8e9'
System info: os.name: 'Windows 10', os.arch: 'amd64', os.version: '10.0', java.version: '22.0.1'
Driver info: org.openqa.selenium.chrome.ChromeDriver
Command: [e4197246b10de2cb39ea1863d6904fd9, findElement {using=xpath, value=(//input[@name='ppw-instrumentRowSelection'])[6]}]
Capabilities {acceptInsecureCerts: false, browserName: chrome, browserVersion: 128.0.6613.139, chrome: {chromedriverVersion: 128.0.6613.137 (fe621c5aa2d..., userDataDir: C:\Users\LENOVO\AppData\Loc...}, fedcm:accounts: true, goog:chromeOptions: {debuggerAddress: localhost:58945}, networkConnectionEnabled: false, pageLoadStrategy: normal, platformName: windows, proxy: Proxy(), se:cdp: ws://localhost:58945/devtoo..., se:cdpVersion: 128.0.6613.139, setWindowRect: true, strictFileInteractability: false, timeouts: {implicit: 0, pageLoad: 300000, script: 30000}, unhandledPromptBehavior: dismiss and notify, webauthn:extension:credBlob: true, webauthn:extension:largeBlob: true, webauthn:extension:minPinLength: true, webauthn:extension:prf: true, webauthn:virtualAuthenticators: true}
Session ID: e4197246b10de2cb39ea1863d6904fd9]]>
            </message>
            <full-stacktrace>
              <![CDATA[org.openqa.selenium.NoSuchElementException: no such element: Unable to locate element: {"method":"xpath","selector":"(//input[@name='ppw-instrumentRowSelection'])[6]"}
  (Session info: chrome=128.0.6613.139)
For documentation on this error, please visit: https://www.selenium.dev/documentation/webdriver/troubleshooting/errors#no-such-element-exception
Build info: version: '4.23.1', revision: '656257d8e9'
System info: os.name: 'Windows 10', os.arch: 'amd64', os.version: '10.0', java.version: '22.0.1'
Driver info: org.openqa.selenium.chrome.ChromeDriver
Command: [e4197246b10de2cb39ea1863d6904fd9, findElement {using=xpath, value=(//input[@name='ppw-instrumentRowSelection'])[6]}]
Capabilities {acceptInsecureCerts: false, browserName: chrome, browserVersion: 128.0.6613.139, chrome: {chromedriverVersion: 128.0.6613.137 (fe621c5aa2d..., userDataDir: C:\Users\LENOVO\AppData\Loc...}, fedcm:accounts: true, goog:chromeOptions: {debuggerAddress: localhost:58945}, networkConnectionEnabled: false, pageLoadStrategy: normal, platformName: windows, proxy: Proxy(), se:cdp: ws://localhost:58945/devtoo..., se:cdpVersion: 128.0.6613.139, setWindowRect: true, strictFileInteractability: false, timeouts: {implicit: 0, pageLoad: 300000, script: 30000}, unhandledPromptBehavior: dismiss and notify, webauthn:extension:credBlob: true, webauthn:extension:largeBlob: true, webauthn:extension:minPinLength: true, webauthn:extension:prf: true, webauthn:virtualAuthenticators: true}
Session ID: e4197246b10de2cb39ea1863d6904fd9
at java.base/jdk.internal.reflect.DirectConstructorHandleAccessor.newInstance(DirectConstructorHandleAccessor.java:62)
at java.base/java.lang.reflect.Constructor.newInstanceWithCaller(Constructor.java:502)
at java.base/java.lang.reflect.Constructor.newInstance(Constructor.java:486)
at org.openqa.selenium.remote.ErrorCodec.decode(ErrorCodec.java:167)
at org.openqa.selenium.remote.codec.w3c.W3CHttpResponseCodec.decode(W3CHttpResponseCodec.java:138)
at org.openqa.selenium.remote.codec.w3c.W3CHttpResponseCodec.decode(W3CHttpResponseCodec.java:50)
at org.openqa.selenium.remote.HttpCommandExecutor.execute(HttpCommandExecutor.java:190)
at org.openqa.selenium.remote.service.DriverCommandExecutor.invokeExecute(DriverCommandExecutor.java:216)
at org.openqa.selenium.remote.service.DriverCommandExecutor.execute(DriverCommandExecutor.java:174)
at org.openqa.selenium.remote.RemoteWebDriver.execute(RemoteWebDriver.java:545)
at org.openqa.selenium.remote.ElementLocation$ElementFinder$2.findElement(ElementLocation.java:165)
at org.openqa.selenium.remote.ElementLocation.findElement(ElementLocation.java:59)
at org.openqa.selenium.remote.RemoteWebDriver.findElement(RemoteWebDriver.java:368)
at org.openqa.selenium.remote.RemoteWebDriver.findElement(RemoteWebDriver.java:362)
at org.openqa.selenium.support.pagefactory.DefaultElementLocator.findElement(DefaultElementLocator.java:68)
at org.openqa.selenium.support.pagefactory.internal.LocatingElementHandler.invoke(LocatingElementHandler.java:38)
at jdk.proxy2/jdk.proxy2.$Proxy10.click(Unknown Source)
at E_commerce_amazon.ReviewOrder_TC11.COD(ReviewOrder_TC11.java:51)
at E_commerce_amazon.Testcase11_OrderReview.FinalReviewOrder(Testcase11_OrderReview.java:39)
at java.base/jdk.internal.reflect.DirectMethodHandleAccessor.invoke(DirectMethodHandleAccessor.java:103)
at java.base/java.lang.reflect.Method.invoke(Method.java:580)
at org.testng.internal.invokers.MethodInvocationHelper.invokeMethod(MethodInvocationHelper.java:139)
at org.testng.internal.invokers.TestInvoker.invokeMethod(TestInvoker.java:664)
at org.testng.internal.invokers.TestInvoker.retryFailed(TestInvoker.java:248)
at org.testng.internal.invokers.MethodRunner.runInSequence(MethodRunner.java:62)
at org.testng.internal.invokers.TestInvoker$MethodInvocationAgent.invoke(TestInvoker.java:957)
at org.testng.internal.invokers.TestInvoker.invokeTestMethods(TestInvoker.java:200)
at org.testng.internal.invokers.TestMethodWorker.invokeTestMethods(TestMethodWorker.java:148)
at org.testng.internal.invokers.TestMethodWorker.run(TestMethodWorker.java:128)
at java.base/java.util.ArrayList.forEach(ArrayList.java:1597)
at org.testng.TestRunner.privateRun(TestRunner.java:848)
at org.testng.TestRunner.run(TestRunner.java:621)
at org.testng.SuiteRunner.runTest(SuiteRunner.java:443)
at org.testng.SuiteRunner.runSequentially(SuiteRunner.java:437)
at org.testng.SuiteRunner.privateRun(SuiteRunner.java:397)
at org.testng.SuiteRunner.run(SuiteRunner.java:336)
at org.testng.SuiteRunnerWorker.runSuite(SuiteRunnerWorker.java:52)
at org.testng.SuiteRunnerWorker.run(SuiteRunnerWorker.java:95)
at org.testng.TestNG.runSuitesSequentially(TestNG.java:1280)
at org.testng.TestNG.runSuitesLocally(TestNG.java:1200)
at org.testng.TestNG.runSuites(TestNG.java:1114)
at org.testng.TestNG.run(TestNG.java:1082)
at org.apache.maven.surefire.testng.TestNGExecutor.run(TestNGExecutor.java:308)
at org.apache.maven.surefire.testng.TestNGXmlTestSuite.execute(TestNGXmlTestSuite.java:71)
at org.apache.maven.surefire.testng.TestNGProvider.invoke(TestNGProvider.java:113)
at org.apache.maven.surefire.booter.ForkedBooter.runSuitesInProcess(ForkedBooter.java:385)
at org.apache.maven.surefire.booter.ForkedBooter.execute(ForkedBooter.java:162)
at org.apache.maven.surefire.booter.ForkedBooter.run(ForkedBooter.java:507)
at org.apache.maven.surefire.booter.ForkedBooter.main(ForkedBooter.java:495)
]]>
            </full-stacktrace>
          </exception> <!-- org.openqa.selenium.NoSuchElementException -->
          <reporter-output>
          </reporter-output>
        </test-method> <!-- FinalReviewOrder -->
        <test-method is-config="true" signature="amazonlogout()[pri:0, instance:E_commerce_amazon.Testcase11_OrderReview@cb0755b]" started-at="2024-09-21T23:46:03 IST" name="amazonlogout" finished-at="2024-09-21T23:46:03 IST" duration-ms="515" status="PASS">
          <reporter-output>
          </reporter-output>
        </test-method> <!-- amazonlogout -->
        <test-method is-config="true" signature="amazonlaunch()[pri:0, instance:E_commerce_amazon.Testcase11_OrderReview@cb0755b]" started-at="2024-09-21T23:46:03 IST" name="amazonlaunch" finished-at="2024-09-21T23:46:09 IST" duration-ms="5498" status="PASS">
          <reporter-output>
          </reporter-output>
        </test-method> <!-- amazonlaunch -->
        <test-method retried="true" signature="FinalReviewOrder()[pri:0, instance:E_commerce_amazon.Testcase11_OrderReview@cb0755b]" started-at="2024-09-21T23:46:09 IST" name="FinalReviewOrder" finished-at="2024-09-21T23:46:45 IST" duration-ms="36379" status="SKIP">
          <exception class="org.openqa.selenium.NoSuchElementException">
            <message>
              <![CDATA[no such element: Unable to locate element: {"method":"xpath","selector":"(//input[@name='ppw-instrumentRowSelection'])[6]"}
  (Session info: chrome=128.0.6613.139)
For documentation on this error, please visit: https://www.selenium.dev/documentation/webdriver/troubleshooting/errors#no-such-element-exception
Build info: version: '4.23.1', revision: '656257d8e9'
System info: os.name: 'Windows 10', os.arch: 'amd64', os.version: '10.0', java.version: '22.0.1'
Driver info: org.openqa.selenium.chrome.ChromeDriver
Command: [91e7bb0fb4457ead085cd8e26d339cb9, findElement {using=xpath, value=(//input[@name='ppw-instrumentRowSelection'])[6]}]
Capabilities {acceptInsecureCerts: false, browserName: chrome, browserVersion: 128.0.6613.139, chrome: {chromedriverVersion: 128.0.6613.137 (fe621c5aa2d..., userDataDir: C:\Users\LENOVO\AppData\Loc...}, fedcm:accounts: true, goog:chromeOptions: {debuggerAddress: localhost:59086}, networkConnectionEnabled: false, pageLoadStrategy: normal, platformName: windows, proxy: Proxy(), se:cdp: ws://localhost:59086/devtoo..., se:cdpVersion: 128.0.6613.139, setWindowRect: true, strictFileInteractability: false, timeouts: {implicit: 0, pageLoad: 300000, script: 30000}, unhandledPromptBehavior: dismiss and notify, webauthn:extension:credBlob: true, webauthn:extension:largeBlob: true, webauthn:extension:minPinLength: true, webauthn:extension:prf: true, webauthn:virtualAuthenticators: true}
Session ID: 91e7bb0fb4457ead085cd8e26d339cb9]]>
            </message>
            <full-stacktrace>
              <![CDATA[org.openqa.selenium.NoSuchElementException: no such element: Unable to locate element: {"method":"xpath","selector":"(//input[@name='ppw-instrumentRowSelection'])[6]"}
  (Session info: chrome=128.0.6613.139)
For documentation on this error, please visit: https://www.selenium.dev/documentation/webdriver/troubleshooting/errors#no-such-element-exception
Build info: version: '4.23.1', revision: '656257d8e9'
System info: os.name: 'Windows 10', os.arch: 'amd64', os.version: '10.0', java.version: '22.0.1'
Driver info: org.openqa.selenium.chrome.ChromeDriver
Command: [91e7bb0fb4457ead085cd8e26d339cb9, findElement {using=xpath, value=(//input[@name='ppw-instrumentRowSelection'])[6]}]
Capabilities {acceptInsecureCerts: false, browserName: chrome, browserVersion: 128.0.6613.139, chrome: {chromedriverVersion: 128.0.6613.137 (fe621c5aa2d..., userDataDir: C:\Users\LENOVO\AppData\Loc...}, fedcm:accounts: true, goog:chromeOptions: {debuggerAddress: localhost:59086}, networkConnectionEnabled: false, pageLoadStrategy: normal, platformName: windows, proxy: Proxy(), se:cdp: ws://localhost:59086/devtoo..., se:cdpVersion: 128.0.6613.139, setWindowRect: true, strictFileInteractability: false, timeouts: {implicit: 0, pageLoad: 300000, script: 30000}, unhandledPromptBehavior: dismiss and notify, webauthn:extension:credBlob: true, webauthn:extension:largeBlob: true, webauthn:extension:minPinLength: true, webauthn:extension:prf: true, webauthn:virtualAuthenticators: true}
Session ID: 91e7bb0fb4457ead085cd8e26d339cb9
at java.base/jdk.internal.reflect.DirectConstructorHandleAccessor.newInstance(DirectConstructorHandleAccessor.java:62)
at java.base/java.lang.reflect.Constructor.newInstanceWithCaller(Constructor.java:502)
at java.base/java.lang.reflect.Constructor.newInstance(Constructor.java:486)
at org.openqa.selenium.remote.ErrorCodec.decode(ErrorCodec.java:167)
at org.openqa.selenium.remote.codec.w3c.W3CHttpResponseCodec.decode(W3CHttpResponseCodec.java:138)
at org.openqa.selenium.remote.codec.w3c.W3CHttpResponseCodec.decode(W3CHttpResponseCodec.java:50)
at org.openqa.selenium.remote.HttpCommandExecutor.execute(HttpCommandExecutor.java:190)
at org.openqa.selenium.remote.service.DriverCommandExecutor.invokeExecute(DriverCommandExecutor.java:216)
at org.openqa.selenium.remote.service.DriverCommandExecutor.execute(DriverCommandExecutor.java:174)
at org.openqa.selenium.remote.RemoteWebDriver.execute(RemoteWebDriver.java:545)
at org.openqa.selenium.remote.ElementLocation$ElementFinder$2.findElement(ElementLocation.java:165)
at org.openqa.selenium.remote.ElementLocation.findElement(ElementLocation.java:59)
at org.openqa.selenium.remote.RemoteWebDriver.findElement(RemoteWebDriver.java:368)
at org.openqa.selenium.remote.RemoteWebDriver.findElement(RemoteWebDriver.java:362)
at org.openqa.selenium.support.pagefactory.DefaultElementLocator.findElement(DefaultElementLocator.java:68)
at org.openqa.selenium.support.pagefactory.internal.LocatingElementHandler.invoke(LocatingElementHandler.java:38)
at jdk.proxy2/jdk.proxy2.$Proxy10.click(Unknown Source)
at E_commerce_amazon.ReviewOrder_TC11.COD(ReviewOrder_TC11.java:51)
at E_commerce_amazon.Testcase11_OrderReview.FinalReviewOrder(Testcase11_OrderReview.java:39)
at java.base/jdk.internal.reflect.DirectMethodHandleAccessor.invoke(DirectMethodHandleAccessor.java:103)
at java.base/java.lang.reflect.Method.invoke(Method.java:580)
at org.testng.internal.invokers.MethodInvocationHelper.invokeMethod(MethodInvocationHelper.java:139)
at org.testng.internal.invokers.TestInvoker.invokeMethod(TestInvoker.java:664)
at org.testng.internal.invokers.TestInvoker.retryFailed(TestInvoker.java:248)
at org.testng.internal.invokers.MethodRunner.runInSequence(MethodRunner.java:62)
at org.testng.internal.invokers.TestInvoker$MethodInvocationAgent.invoke(TestInvoker.java:957)
at org.testng.internal.invokers.TestInvoker.invokeTestMethods(TestInvoker.java:200)
at org.testng.internal.invokers.TestMethodWorker.invokeTestMethods(TestMethodWorker.java:148)
at org.testng.internal.invokers.TestMethodWorker.run(TestMethodWorker.java:128)
at java.base/java.util.ArrayList.forEach(ArrayList.java:1597)
at org.testng.TestRunner.privateRun(TestRunner.java:848)
at org.testng.TestRunner.run(TestRunner.java:621)
at org.testng.SuiteRunner.runTest(SuiteRunner.java:443)
at org.testng.SuiteRunner.runSequentially(SuiteRunner.java:437)
at org.testng.SuiteRunner.privateRun(SuiteRunner.java:397)
at org.testng.SuiteRunner.run(SuiteRunner.java:336)
at org.testng.SuiteRunnerWorker.runSuite(SuiteRunnerWorker.java:52)
at org.testng.SuiteRunnerWorker.run(SuiteRunnerWorker.java:95)
at org.testng.TestNG.runSuitesSequentially(TestNG.java:1280)
at org.testng.TestNG.runSuitesLocally(TestNG.java:1200)
at org.testng.TestNG.runSuites(TestNG.java:1114)
at org.testng.TestNG.run(TestNG.java:1082)
at org.apache.maven.surefire.testng.TestNGExecutor.run(TestNGExecutor.java:308)
at org.apache.maven.surefire.testng.TestNGXmlTestSuite.execute(TestNGXmlTestSuite.java:71)
at org.apache.maven.surefire.testng.TestNGProvider.invoke(TestNGProvider.java:113)
at org.apache.maven.surefire.booter.ForkedBooter.runSuitesInProcess(ForkedBooter.java:385)
at org.apache.maven.surefire.booter.ForkedBooter.execute(ForkedBooter.java:162)
at org.apache.maven.surefire.booter.ForkedBooter.run(ForkedBooter.java:507)
at org.apache.maven.surefire.booter.ForkedBooter.main(ForkedBooter.java:495)
]]>
            </full-stacktrace>
          </exception> <!-- org.openqa.selenium.NoSuchElementException -->
          <reporter-output>
          </reporter-output>
        </test-method> <!-- FinalReviewOrder -->
        <test-method is-config="true" signature="amazonlogout()[pri:0, instance:E_commerce_amazon.Testcase11_OrderReview@cb0755b]" started-at="2024-09-21T23:46:45 IST" name="amazonlogout" finished-at="2024-09-21T23:46:46 IST" duration-ms="498" status="PASS">
          <reporter-output>
          </reporter-output>
        </test-method> <!-- amazonlogout -->
        <test-method is-config="true" signature="amazonlaunch()[pri:0, instance:E_commerce_amazon.Testcase11_OrderReview@cb0755b]" started-at="2024-09-21T23:46:46 IST" name="amazonlaunch" finished-at="2024-09-21T23:46:51 IST" duration-ms="4916" status="PASS">
          <reporter-output>
          </reporter-output>
        </test-method> <!-- amazonlaunch -->
        <test-method signature="FinalReviewOrder()[pri:0, instance:E_commerce_amazon.Testcase11_OrderReview@cb0755b]" started-at="2024-09-21T23:46:51 IST" name="FinalReviewOrder" finished-at="2024-09-21T23:47:26 IST" duration-ms="35092" status="PASS">
          <reporter-output>
            <line>
              <![CDATA[testcase is pass > report from Listeners]]>
            </line>
          </reporter-output>
        </test-method> <!-- FinalReviewOrder -->
        <test-method is-config="true" signature="amazonlogout()[pri:0, instance:E_commerce_amazon.Testcase11_OrderReview@cb0755b]" started-at="2024-09-21T23:47:26 IST" name="amazonlogout" finished-at="2024-09-21T23:47:27 IST" duration-ms="643" status="PASS">
          <reporter-output>
          </reporter-output>
        </test-method> <!-- amazonlogout -->
      </class> <!-- E_commerce_amazon.Testcase11_OrderReview -->
      <class name="E_commerce_amazon.Testcase5_Search">
        <test-method is-config="true" signature="amazonlaunch()[pri:0, instance:E_commerce_amazon.Testcase5_Search@6bbe85a8]" started-at="2024-09-21T23:42:57 IST" name="amazonlaunch" finished-at="2024-09-21T23:43:02 IST" duration-ms="4934" status="PASS">
          <reporter-output>
          </reporter-output>
        </test-method> <!-- amazonlaunch -->
        <test-method signature="amazon_Search()[pri:0, instance:E_commerce_amazon.Testcase5_Search@6bbe85a8]" started-at="2024-09-21T23:43:02 IST" name="amazon_Search" finished-at="2024-09-21T23:43:07 IST" duration-ms="5322" status="PASS">
          <reporter-output>
            <line>
              <![CDATA[testcase is pass > report from Listeners]]>
            </line>
          </reporter-output>
        </test-method> <!-- amazon_Search -->
        <test-method is-config="true" signature="amazonlogout()[pri:0, instance:E_commerce_amazon.Testcase5_Search@6bbe85a8]" started-at="2024-09-21T23:43:08 IST" name="amazonlogout" finished-at="2024-09-21T23:43:08 IST" duration-ms="391" status="PASS">
          <reporter-output>
          </reporter-output>
        </test-method> <!-- amazonlogout -->
      </class> <!-- E_commerce_amazon.Testcase5_Search -->
      <class name="E_commerce_amazon.Testcase_15_AddToCart">
        <test-method is-config="true" signature="amazonlaunch()[pri:0, instance:E_commerce_amazon.Testcase_15_AddToCart@742ff096]" started-at="2024-09-21T23:48:56 IST" name="amazonlaunch" finished-at="2024-09-21T23:49:01 IST" duration-ms="4731" status="PASS">
          <reporter-output>
          </reporter-output>
        </test-method> <!-- amazonlaunch -->
        <test-method signature="AddToCartWithouLogin()[pri:0, instance:E_commerce_amazon.Testcase_15_AddToCart@742ff096]" started-at="2024-09-21T23:49:01 IST" name="AddToCartWithouLogin" finished-at="2024-09-21T23:49:18 IST" duration-ms="16807" status="PASS">
          <reporter-output>
            <line>
              <![CDATA[testcase is pass > report from Listeners]]>
            </line>
          </reporter-output>
        </test-method> <!-- AddToCartWithouLogin -->
        <test-method is-config="true" signature="amazonlogout()[pri:0, instance:E_commerce_amazon.Testcase_15_AddToCart@742ff096]" started-at="2024-09-21T23:49:18 IST" name="amazonlogout" finished-at="2024-09-21T23:49:19 IST" duration-ms="399" status="PASS">
          <reporter-output>
          </reporter-output>
        </test-method> <!-- amazonlogout -->
      </class> <!-- E_commerce_amazon.Testcase_15_AddToCart -->
      <class name="E_commerce_amazon.Testcase8_SortingProduct">
        <test-method is-config="true" signature="amazonlaunch()[pri:0, instance:E_commerce_amazon.Testcase8_SortingProduct@548d708a]" started-at="2024-09-21T23:43:37 IST" name="amazonlaunch" finished-at="2024-09-21T23:43:43 IST" duration-ms="6407" status="PASS">
          <reporter-output>
          </reporter-output>
        </test-method> <!-- amazonlaunch -->
        <test-method signature="sorting()[pri:0, instance:E_commerce_amazon.Testcase8_SortingProduct@548d708a]" started-at="2024-09-21T23:43:43 IST" name="sorting" finished-at="2024-09-21T23:43:55 IST" duration-ms="11483" status="PASS">
          <reporter-output>
            <line>
              <![CDATA[testcase is pass > report from Listeners]]>
            </line>
          </reporter-output>
        </test-method> <!-- sorting -->
        <test-method is-config="true" signature="amazonlogout()[pri:0, instance:E_commerce_amazon.Testcase8_SortingProduct@548d708a]" started-at="2024-09-21T23:43:55 IST" name="amazonlogout" finished-at="2024-09-21T23:43:56 IST" duration-ms="375" status="PASS">
          <reporter-output>
          </reporter-output>
        </test-method> <!-- amazonlogout -->
      </class> <!-- E_commerce_amazon.Testcase8_SortingProduct -->
      <class name="E_commerce_amazon.Testcase12_AllPayMethods">
        <test-method is-config="true" signature="amazonlaunch()[pri:0, instance:E_commerce_amazon.Testcase12_AllPayMethods@33065d67]" started-at="2024-09-21T23:47:27 IST" name="amazonlaunch" finished-at="2024-09-21T23:47:31 IST" duration-ms="4486" status="PASS">
          <reporter-output>
          </reporter-output>
        </test-method> <!-- amazonlaunch -->
        <test-method signature="PaymentRadioButton()[pri:0, instance:E_commerce_amazon.Testcase12_AllPayMethods@33065d67]" started-at="2024-09-21T23:47:31 IST" name="PaymentRadioButton" finished-at="2024-09-21T23:48:00 IST" duration-ms="28705" status="PASS">
          <reporter-output>
            <line>
              <![CDATA[testcase is pass > report from Listeners]]>
            </line>
          </reporter-output>
        </test-method> <!-- PaymentRadioButton -->
        <test-method is-config="true" signature="amazonlogout()[pri:0, instance:E_commerce_amazon.Testcase12_AllPayMethods@33065d67]" started-at="2024-09-21T23:48:00 IST" name="amazonlogout" finished-at="2024-09-21T23:48:01 IST" duration-ms="442" status="PASS">
          <reporter-output>
          </reporter-output>
        </test-method> <!-- amazonlogout -->
      </class> <!-- E_commerce_amazon.Testcase12_AllPayMethods -->
      <class name="E_commerce_amazon.Testcase13_CouponCode">
        <test-method is-config="true" signature="amazonlaunch()[pri:0, instance:E_commerce_amazon.Testcase13_CouponCode@712625fd]" started-at="2024-09-21T23:48:01 IST" name="amazonlaunch" finished-at="2024-09-21T23:48:05 IST" duration-ms="4369" status="PASS">
          <reporter-output>
          </reporter-output>
        </test-method> <!-- amazonlaunch -->
        <test-method signature="ApplyCoupon()[pri:0, instance:E_commerce_amazon.Testcase13_CouponCode@712625fd]" started-at="2024-09-21T23:48:05 IST" name="ApplyCoupon" finished-at="2024-09-21T23:48:34 IST" duration-ms="28698" status="PASS">
          <reporter-output>
            <line>
              <![CDATA[testcase is pass > report from Listeners]]>
            </line>
          </reporter-output>
        </test-method> <!-- ApplyCoupon -->
        <test-method is-config="true" signature="amazonlogout()[pri:0, instance:E_commerce_amazon.Testcase13_CouponCode@712625fd]" started-at="2024-09-21T23:48:34 IST" name="amazonlogout" finished-at="2024-09-21T23:48:34 IST" duration-ms="416" status="PASS">
          <reporter-output>
          </reporter-output>
        </test-method> <!-- amazonlogout -->
      </class> <!-- E_commerce_amazon.Testcase13_CouponCode -->
      <class name="E_commerce_amazon.Testcase14_RatelastOrder">
        <test-method is-config="true" signature="amazonlaunch()[pri:0, instance:E_commerce_amazon.Testcase14_RatelastOrder@7bba5817]" started-at="2024-09-21T23:48:34 IST" name="amazonlaunch" finished-at="2024-09-21T23:48:40 IST" duration-ms="5834" status="PASS">
          <reporter-output>
          </reporter-output>
        </test-method> <!-- amazonlaunch -->
        <test-method signature="RateLastOrder()[pri:0, instance:E_commerce_amazon.Testcase14_RatelastOrder@7bba5817]" started-at="2024-09-21T23:48:40 IST" name="RateLastOrder" finished-at="2024-09-21T23:48:56 IST" duration-ms="15632" status="PASS">
          <reporter-output>
            <line>
              <![CDATA[testcase is pass > report from Listeners]]>
            </line>
          </reporter-output>
        </test-method> <!-- RateLastOrder -->
        <test-method is-config="true" signature="amazonlogout()[pri:0, instance:E_commerce_amazon.Testcase14_RatelastOrder@7bba5817]" started-at="2024-09-21T23:48:56 IST" name="amazonlogout" finished-at="2024-09-21T23:48:56 IST" duration-ms="363" status="PASS">
          <reporter-output>
          </reporter-output>
        </test-method> <!-- amazonlogout -->
      </class> <!-- E_commerce_amazon.Testcase14_RatelastOrder -->
      <class name="E_commerce_amazon.Testcase3_LoginIvalid">
        <test-method is-config="true" signature="amazonlaunch()[pri:0, instance:E_commerce_amazon.Testcase3_LoginIvalid@53045c6c]" started-at="2024-09-21T23:42:26 IST" name="amazonlaunch" finished-at="2024-09-21T23:42:31 IST" duration-ms="4973" status="PASS">
          <reporter-output>
          </reporter-output>
        </test-method> <!-- amazonlaunch -->
        <test-method signature="login_amazon_Invalid()[pri:0, instance:E_commerce_amazon.Testcase3_LoginIvalid@53045c6c]" started-at="2024-09-21T23:42:31 IST" name="login_amazon_Invalid" finished-at="2024-09-21T23:42:34 IST" duration-ms="3095" status="PASS">
          <reporter-output>
            <line>
              <![CDATA[testcase is pass > report from Listeners]]>
            </line>
          </reporter-output>
        </test-method> <!-- login_amazon_Invalid -->
        <test-method is-config="true" signature="amazonlogout()[pri:0, instance:E_commerce_amazon.Testcase3_LoginIvalid@53045c6c]" started-at="2024-09-21T23:42:34 IST" name="amazonlogout" finished-at="2024-09-21T23:42:34 IST" duration-ms="339" status="PASS">
          <reporter-output>
          </reporter-output>
        </test-method> <!-- amazonlogout -->
      </class> <!-- E_commerce_amazon.Testcase3_LoginIvalid -->
      <class name="E_commerce_amazon.Testcase7_ProductDetailsPage">
        <test-method is-config="true" signature="amazonlaunch()[pri:0, instance:E_commerce_amazon.Testcase7_ProductDetailsPage@3a7442c7]" started-at="2024-09-21T23:43:08 IST" name="amazonlaunch" finished-at="2024-09-21T23:43:14 IST" duration-ms="5504" status="PASS">
          <reporter-output>
          </reporter-output>
        </test-method> <!-- amazonlaunch -->
        <test-method signature="productpagedetails()[pri:0, instance:E_commerce_amazon.Testcase7_ProductDetailsPage@3a7442c7]" started-at="2024-09-21T23:43:14 IST" name="productpagedetails" finished-at="2024-09-21T23:43:25 IST" duration-ms="11465" status="PASS">
          <reporter-output>
            <line>
              <![CDATA[testcase is pass > report from Listeners]]>
            </line>
          </reporter-output>
        </test-method> <!-- productpagedetails -->
        <test-method is-config="true" signature="amazonlogout()[pri:0, instance:E_commerce_amazon.Testcase7_ProductDetailsPage@3a7442c7]" started-at="2024-09-21T23:43:25 IST" name="amazonlogout" finished-at="2024-09-21T23:43:26 IST" duration-ms="397" status="PASS">
          <reporter-output>
          </reporter-output>
        </test-method> <!-- amazonlogout -->
      </class> <!-- E_commerce_amazon.Testcase7_ProductDetailsPage -->
    </test> <!-- Test -->
  </suite> <!-- Suite -->
</testng-results>
